2026-07-16 20:07:31,094 [INFO] TradingEngine.InferenceEngine: Successfully loaded ML model binary layer: 'xgboost_v1.pkl'
2026-07-16 20:07:31,156 [INFO] TradingEngine.Database: 💾 Async SQLite Persistent Engine initialized safely at logs/trading_data.db
2026-07-16 20:07:31,156 [INFO] TradingEngine.BrokerClient: Connecting to live brokerage data stream network: wss://stream.data.alpaca.markets/v2/test
2026-07-16 20:07:31,547 [ERROR] TradingEngine.BrokerClient: Brokerage authentication rejected: [{"T":"error","code":406,"msg":"connection limit exceeded"}]
2026-07-16 20:07:31,547 [INFO] TradingEngine.BrokerClient: Disconnecting broker client networking layer...
2026-07-16 20:07:31,635 [INFO] TradingEngine.BrokerClient: Broker client disconnected safely.
2026-07-16 20:07:31,636 [INFO] TradingEngine.Main: Trading system background microservice initialized successfully.
2026-07-16 20:07:31,636 [INFO] TradingEngine.Main: Starting Core Execution Engine Loop...
2026-07-16 20:07:31,953 [INFO] httpx: HTTP Request: GET https://paper-api.alpaca.markets/v2/account "HTTP/1.1 200 OK"
2026-07-16 20:07:33,256 [INFO] httpx: HTTP Request: GET https://paper-api.alpaca.markets/v2/account "HTTP/1.1 200 OK"
2026-07-16 20:07:34,552 [INFO] httpx: HTTP Request: GET https://paper-api.alpaca.markets/v2/account "HTTP/1.1 200 OK"
2026-07-16 20:07:35,863 [INFO] httpx: HTTP Request: GET https://paper-api.alpaca.markets/v2/account "HTTP/1.1 200 OK"
2026-07-16 20:07:37,162 [INFO] httpx: HTTP Request: GET https://paper-api.alpaca.markets/v2/account "HTTP/1.1 200 OK"
2026-07-16 20:07:38,454 [INFO] httpx: HTTP Request: GET https://paper-api.alpaca.markets/v2/account "HTTP/1.1 200 OK"
2026-07-16 20:07:39,746 [INFO] httpx: HTTP Request: GET https://paper-api.alpaca.markets/v2/account "HTTP/1.1 200 OK"
2026-07-16 20:07:41,032 [INFO] httpx: HTTP Request: GET https://paper-api.alpaca.markets/v2/account "HTTP/1.1 200 OK"
2026-07-16 20:07:42,332 [INFO] httpx: HTTP Request: GET https://paper-api.alpaca.markets/v2/account "HTTP/1.1 200 OK"
2026-07-16 20:07:43,640 [INFO] httpx: HTTP Request: GET https://paper-api.alpaca.markets/v2/account "HTTP/1.1 200 OK"
2026-07-16 20:07:44,917 [INFO] httpx: HTTP Request: GET https://paper-api.alpaca.markets/v2/account "HTTP/1.1 200 OK"
2026-07-16 20:07:46,187 [INFO] httpx: HTTP Request: GET https://paper-api.alpaca.markets/v2/account "HTTP/1.1 200 OK"
2026-07-16 20:07:47,480 [INFO] httpx: HTTP Request: GET https://paper-api.alpaca.markets/v2/account "HTTP/1.1 200 OK"
2026-07-16 20:07:48,772 [INFO] httpx: HTTP Request: GET https://paper-api.alpaca.markets/v2/account "HTTP/1.1 200 OK"
2026-07-16 20:07:50,074 [INFO] httpx: HTTP Request: GET https://paper-api.alpaca.markets/v2/account "HTTP/1.1 200 OK"
2026-07-16 20:07:51,397 [INFO] httpx: HTTP Request: GET https://paper-api.alpaca.markets/v2/account "HTTP/1.1 200 OK"
2026-07-16 20:07:52,697 [INFO] httpx: HTTP Request: GET https://paper-api.alpaca.markets/v2/account "HTTP/1.1 200 OK"
2026-07-16 20:07:53,994 [INFO] httpx: HTTP Request: GET https://paper-api.alpaca.markets/v2/account "HTTP/1.1 200 OK"
2026-07-16 20:07:55,294 [INFO] httpx: HTTP Request: GET https://paper-api.alpaca.markets/v2/account "HTTP/1.1 200 OK"
2026-07-16 20:07:56,593 [INFO] httpx: HTTP Request: GET https://paper-api.alpaca.markets/v2/account "HTTP/1.1 200 OK"
2026-07-16 20:07:57,870 [INFO] httpx: HTTP Request: GET https://paper-api.alpaca.markets/v2/account "HTTP/1.1 200 OK"
2026-07-16 20:07:59,152 [INFO] httpx: HTTP Request: GET https://paper-api.alpaca.markets/v2/account "HTTP/1.1 200 OK"
2026-07-16 20:08:00,455 [INFO] httpx: HTTP Request: GET https://paper-api.alpaca.markets/v2/account "HTTP/1.1 200 OK"
2026-07-16 20:08:01,733 [INFO] httpx: HTTP Request: GET https://paper-api.alpaca.markets/v2/account "HTTP/1.1 200 OK"
2026-07-16 20:08:03,043 [INFO] httpx: HTTP Request: GET https://paper-api.alpaca.markets/v2/account "HTTP/1.1 200 OK"
2026-07-16 20:08:04,355 [INFO] httpx: HTTP Request: GET https://paper-api.alpaca.markets/v2/account "HTTP/1.1 200 OK"
2026-07-16 20:08:05,653 [INFO] httpx: HTTP Request: GET https://paper-api.alpaca.markets/v2/account "HTTP/1.1 200 OK"
2026-07-16 20:08:06,938 [INFO] httpx: HTTP Request: GET https://paper-api.alpaca.markets/v2/account "HTTP/1.1 200 OK"
2026-07-16 20:08:08,234 [INFO] httpx: HTTP Request: GET https://paper-api.alpaca.markets/v2/account "HTTP/1.1 200 OK"
2026-07-16 20:08:09,514 [INFO] httpx: HTTP Request: GET https://paper-api.alpaca.markets/v2/account "HTTP/1.1 200 OK"
2026-07-16 20:08:10,810 [INFO] httpx: HTTP Request: GET https://paper-api.alpaca.markets/v2/account "HTTP/1.1 200 OK"
2026-07-16 20:08:12,094 [INFO] httpx: HTTP Request: GET https://paper-api.alpaca.markets/v2/account "HTTP/1.1 200 OK"
2026-07-16 20:08:13,372 [INFO] httpx: HTTP Request: GET https://paper-api.alpaca.markets/v2/account "HTTP/1.1 200 OK"
2026-07-16 20:08:14,654 [INFO] httpx: HTTP Request: GET https://paper-api.alpaca.markets/v2/account "HTTP/1.1 200 OK"
2026-07-16 20:08:15,959 [INFO] httpx: HTTP Request: GET https://paper-api.alpaca.markets/v2/account "HTTP/1.1 200 OK"
2026-07-16 20:08:17,255 [INFO] httpx: HTTP Request: GET https://paper-api.alpaca.markets/v2/account "HTTP/1.1 200 OK"
2026-07-16 20:08:18,536 [INFO] httpx: HTTP Request: GET https://paper-api.alpaca.markets/v2/account "HTTP/1.1 200 OK"
2026-07-16 20:08:19,839 [INFO] httpx: HTTP Request: GET https://paper-api.alpaca.markets/v2/account "HTTP/1.1 200 OK"
2026-07-16 20:08:21,117 [INFO] httpx: HTTP Request: GET https://paper-api.alpaca.markets/v2/account "HTTP/1.1 200 OK"
2026-07-16 20:08:22,414 [INFO] httpx: HTTP Request: GET https://paper-api.alpaca.markets/v2/account "HTTP/1.1 200 OK"
2026-07-16 20:08:23,725 [INFO] httpx: HTTP Request: GET https://paper-api.alpaca.markets/v2/account "HTTP/1.1 200 OK"
2026-07-16 20:08:25,008 [INFO] httpx: HTTP Request: GET https://paper-api.alpaca.markets/v2/account "HTTP/1.1 200 OK"
2026-07-16 20:08:26,293 [INFO] httpx: HTTP Request: GET https://paper-api.alpaca.markets/v2/account "HTTP/1.1 200 OK"
2026-07-16 20:08:27,593 [INFO] httpx: HTTP Request: GET https://paper-api.alpaca.markets/v2/account "HTTP/1.1 200 OK"
2026-07-16 20:08:28,900 [INFO] httpx: HTTP Request: GET https://paper-api.alpaca.markets/v2/account "HTTP/1.1 200 OK"
2026-07-16 20:08:30,218 [INFO] httpx: HTTP Request: GET https://paper-api.alpaca.markets/v2/account "HTTP/1.1 200 OK"
2026-07-16 20:08:31,514 [INFO] httpx: HTTP Request: GET https://paper-api.alpaca.markets/v2/account "HTTP/1.1 200 OK"
2026-07-16 20:08:32,792 [INFO] httpx: HTTP Request: GET https://paper-api.alpaca.markets/v2/account "HTTP/1.1 200 OK"
2026-07-16 20:08:34,090 [INFO] httpx: HTTP Request: GET https://paper-api.alpaca.markets/v2/account "HTTP/1.1 200 OK"
2026-07-16 20:08:35,370 [INFO] httpx: HTTP Request: GET https://paper-api.alpaca.markets/v2/account "HTTP/1.1 200 OK"
2026-07-16 20:08:36,655 [INFO] httpx: HTTP Request: GET https://paper-api.alpaca.markets/v2/account "HTTP/1.1 200 OK"
2026-07-16 20:08:37,959 [INFO] httpx: HTTP Request: GET https://paper-api.alpaca.markets/v2/account "HTTP/1.1 200 OK"
2026-07-16 20:08:39,285 [INFO] httpx: HTTP Request: GET https://paper-api.alpaca.markets/v2/account "HTTP/1.1 200 OK"
2026-07-16 20:08:40,567 [INFO] httpx: HTTP Request: GET https://paper-api.alpaca.markets/v2/account "HTTP/1.1 200 OK"
2026-07-16 20:08:41,852 [INFO] httpx: HTTP Request: GET https://paper-api.alpaca.markets/v2/account "HTTP/1.1 200 OK"
2026-07-16 20:08:43,152 [INFO] httpx: HTTP Request: GET https://paper-api.alpaca.markets/v2/account "HTTP/1.1 200 OK"
2026-07-16 20:08:44,457 [INFO] httpx: HTTP Request: GET https://paper-api.alpaca.markets/v2/account "HTTP/1.1 200 OK"
2026-07-16 20:08:45,755 [INFO] httpx: HTTP Request: GET https://paper-api.alpaca.markets/v2/account "HTTP/1.1 200 OK"
2026-07-16 20:08:47,054 [INFO] httpx: HTTP Request: GET https://paper-api.alpaca.markets/v2/account "HTTP/1.1 200 OK"
2026-07-16 20:08:48,339 [INFO] httpx: HTTP Request: GET https://paper-api.alpaca.markets/v2/account "HTTP/1.1 200 OK"
2026-07-16 20:08:49,632 [INFO] httpx: HTTP Request: GET https://paper-api.alpaca.markets/v2/account "HTTP/1.1 200 OK"
2026-07-16 20:08:50,952 [INFO] httpx: HTTP Request: GET https://paper-api.alpaca.markets/v2/account "HTTP/1.1 200 OK"
2026-07-16 20:08:52,262 [INFO] httpx: HTTP Request: GET https://paper-api.alpaca.markets/v2/account "HTTP/1.1 200 OK"
2026-07-16 20:08:53,552 [INFO] httpx: HTTP Request: GET https://paper-api.alpaca.markets/v2/account "HTTP/1.1 200 OK"
2026-07-16 20:08:54,875 [INFO] httpx: HTTP Request: GET https://paper-api.alpaca.markets/v2/account "HTTP/1.1 200 OK"
2026-07-16 20:08:56,174 [INFO] httpx: HTTP Request: GET https://paper-api.alpaca.markets/v2/account "HTTP/1.1 200 OK"
2026-07-16 20:08:57,473 [INFO] httpx: HTTP Request: GET https://paper-api.alpaca.markets/v2/account "HTTP/1.1 200 OK"
2026-07-16 20:08:58,773 [INFO] httpx: HTTP Request: GET https://paper-api.alpaca.markets/v2/account "HTTP/1.1 200 OK"
2026-07-16 20:09:00,077 [INFO] httpx: HTTP Request: GET https://paper-api.alpaca.markets/v2/account "HTTP/1.1 200 OK"
2026-07-16 20:09:01,375 [INFO] httpx: HTTP Request: GET https://paper-api.alpaca.markets/v2/account "HTTP/1.1 200 OK"
2026-07-16 20:09:02,662 [INFO] httpx: HTTP Request: GET https://paper-api.alpaca.markets/v2/account "HTTP/1.1 200 OK"
2026-07-16 20:09:04,000 [INFO] httpx: HTTP Request: GET https://paper-api.alpaca.markets/v2/account "HTTP/1.1 200 OK"
2026-07-16 20:09:05,294 [INFO] httpx: HTTP Request: GET https://paper-api.alpaca.markets/v2/account "HTTP/1.1 200 OK"
2026-07-16 20:09:06,573 [INFO] httpx: HTTP Request: GET https://paper-api.alpaca.markets/v2/account "HTTP/1.1 200 OK"
2026-07-16 20:09:07,873 [INFO] httpx: HTTP Request: GET https://paper-api.alpaca.markets/v2/account "HTTP/1.1 200 OK"
2026-07-16 20:09:09,174 [INFO] httpx: HTTP Request: GET https://paper-api.alpaca.markets/v2/account "HTTP/1.1 200 OK"
2026-07-16 20:09:10,483 [INFO] httpx: HTTP Request: GET https://paper-api.alpaca.markets/v2/account "HTTP/1.1 200 OK"
2026-07-16 20:09:11,773 [INFO] httpx: HTTP Request: GET https://paper-api.alpaca.markets/v2/account "HTTP/1.1 200 OK"
2026-07-16 20:09:13,072 [INFO] httpx: HTTP Request: GET https://paper-api.alpaca.markets/v2/account "HTTP/1.1 200 OK"
2026-07-16 20:09:14,347 [INFO] httpx: HTTP Request: GET https://paper-api.alpaca.markets/v2/account "HTTP/1.1 200 OK"
2026-07-16 20:09:15,215 [INFO] TradingEngine.Main: Initiating safe shutdown sequence. Cancelling engine tasks...
2026-07-16 20:09:15,215 [INFO] TradingEngine.BrokerClient: Disconnecting broker client networking layer...
2026-07-16 20:09:15,215 [INFO] TradingEngine.BrokerClient: Broker client disconnected safely.
2026-07-16 20:09:15,215 [INFO] TradingEngine.Main: Trading system microservice terminated cleanly.
2026-07-16 20:09:29,426 [INFO] TradingEngine.InferenceEngine: Successfully loaded ML model binary layer: 'xgboost_v1.pkl'
2026-07-16 20:09:29,444 [INFO] TradingEngine.Database: 💾 Async SQLite Persistent Engine initialized safely at logs/trading_data.db
2026-07-16 20:09:29,444 [INFO] TradingEngine.BrokerClient: Connecting to live brokerage data stream network: wss://stream.data.alpaca.markets/v2/test
2026-07-16 20:09:29,830 [INFO] TradingEngine.BrokerClient: Brokerage connection handshake authentication passed completely.
2026-07-16 20:09:29,830 [INFO] TradingEngine.BrokerClient: Live WebSocket stream layer successfully mounted into engine context.
2026-07-16 20:09:29,830 [INFO] TradingEngine.Main: Trading system background microservice initialized successfully.
2026-07-16 20:09:29,830 [INFO] TradingEngine.Main: Starting Core Execution Engine Loop...
2026-07-16 20:09:30,128 [INFO] httpx: HTTP Request: GET https://paper-api.alpaca.markets/v2/account "HTTP/1.1 200 OK"
2026-07-16 20:09:31,408 [INFO] httpx: HTTP Request: GET https://paper-api.alpaca.markets/v2/account "HTTP/1.1 200 OK"
2026-07-16 20:09:32,719 [INFO] httpx: HTTP Request: GET https://paper-api.alpaca.markets/v2/account "HTTP/1.1 200 OK"
2026-07-16 20:09:34,007 [INFO] httpx: HTTP Request: GET https://paper-api.alpaca.markets/v2/account "HTTP/1.1 200 OK"
2026-07-16 20:09:35,297 [INFO] httpx: HTTP Request: GET https://paper-api.alpaca.markets/v2/account "HTTP/1.1 200 OK"
2026-07-16 20:09:36,587 [INFO] httpx: HTTP Request: GET https://paper-api.alpaca.markets/v2/account "HTTP/1.1 200 OK"
2026-07-16 20:09:37,885 [INFO] httpx: HTTP Request: GET https://paper-api.alpaca.markets/v2/account "HTTP/1.1 200 OK"
2026-07-16 20:09:39,184 [INFO] httpx: HTTP Request: GET https://paper-api.alpaca.markets/v2/account "HTTP/1.1 200 OK"
2026-07-16 20:09:40,472 [INFO] httpx: HTTP Request: GET https://paper-api.alpaca.markets/v2/account "HTTP/1.1 200 OK"
2026-07-16 20:09:46,480 [ERROR] TradingEngine.BrokerClient: Network error pulling account parameters from gateway: 
2026-07-16 20:09:47,772 [INFO] httpx: HTTP Request: GET https://paper-api.alpaca.markets/v2/account "HTTP/1.1 200 OK"
2026-07-16 20:09:49,354 [INFO] httpx: HTTP Request: GET https://paper-api.alpaca.markets/v2/account "HTTP/1.1 200 OK"
2026-07-16 20:09:50,642 [INFO] httpx: HTTP Request: GET https://paper-api.alpaca.markets/v2/account "HTTP/1.1 200 OK"
2026-07-16 20:09:51,920 [INFO] httpx: HTTP Request: GET https://paper-api.alpaca.markets/v2/account "HTTP/1.1 200 OK"
2026-07-16 20:09:53,213 [INFO] httpx: HTTP Request: GET https://paper-api.alpaca.markets/v2/account "HTTP/1.1 200 OK"
2026-07-16 20:09:54,517 [INFO] httpx: HTTP Request: GET https://paper-api.alpaca.markets/v2/account "HTTP/1.1 200 OK"
2026-07-16 20:09:55,810 [INFO] httpx: HTTP Request: GET https://paper-api.alpaca.markets/v2/account "HTTP/1.1 200 OK"
2026-07-16 20:09:57,093 [INFO] httpx: HTTP Request: GET https://paper-api.alpaca.markets/v2/account "HTTP/1.1 200 OK"
2026-07-16 20:09:58,392 [INFO] httpx: HTTP Request: GET https://paper-api.alpaca.markets/v2/account "HTTP/1.1 200 OK"
2026-07-16 20:09:59,703 [INFO] httpx: HTTP Request: GET https://paper-api.alpaca.markets/v2/account "HTTP/1.1 200 OK"
2026-07-16 20:10:00,993 [INFO] httpx: HTTP Request: GET https://paper-api.alpaca.markets/v2/account "HTTP/1.1 200 OK"
2026-07-16 20:10:02,282 [INFO] httpx: HTTP Request: GET https://paper-api.alpaca.markets/v2/account "HTTP/1.1 200 OK"
2026-07-16 20:10:03,583 [INFO] httpx: HTTP Request: GET https://paper-api.alpaca.markets/v2/account "HTTP/1.1 200 OK"
2026-07-16 20:10:04,866 [INFO] httpx: HTTP Request: GET https://paper-api.alpaca.markets/v2/account "HTTP/1.1 200 OK"
2026-07-16 20:10:06,147 [INFO] httpx: HTTP Request: GET https://paper-api.alpaca.markets/v2/account "HTTP/1.1 200 OK"
2026-07-16 20:10:07,427 [INFO] httpx: HTTP Request: GET https://paper-api.alpaca.markets/v2/account "HTTP/1.1 200 OK"
2026-07-16 20:10:08,713 [INFO] httpx: HTTP Request: GET https://paper-api.alpaca.markets/v2/account "HTTP/1.1 200 OK"
2026-07-16 20:10:09,986 [INFO] httpx: HTTP Request: GET https://paper-api.alpaca.markets/v2/account "HTTP/1.1 200 OK"
2026-07-16 20:10:11,267 [INFO] httpx: HTTP Request: GET https://paper-api.alpaca.markets/v2/account "HTTP/1.1 200 OK"
2026-07-16 20:10:12,563 [INFO] httpx: HTTP Request: GET https://paper-api.alpaca.markets/v2/account "HTTP/1.1 200 OK"
2026-07-16 20:10:13,857 [INFO] httpx: HTTP Request: GET https://paper-api.alpaca.markets/v2/account "HTTP/1.1 200 OK"
2026-07-16 20:10:15,140 [INFO] httpx: HTTP Request: GET https://paper-api.alpaca.markets/v2/account "HTTP/1.1 200 OK"
2026-07-16 20:10:16,427 [INFO] httpx: HTTP Request: GET https://paper-api.alpaca.markets/v2/account "HTTP/1.1 200 OK"
2026-07-16 20:10:17,708 [INFO] httpx: HTTP Request: GET https://paper-api.alpaca.markets/v2/account "HTTP/1.1 200 OK"
2026-07-16 20:10:18,992 [INFO] httpx: HTTP Request: GET https://paper-api.alpaca.markets/v2/account "HTTP/1.1 200 OK"
2026-07-16 20:10:20,277 [INFO] httpx: HTTP Request: GET https://paper-api.alpaca.markets/v2/account "HTTP/1.1 200 OK"
2026-07-16 20:10:21,575 [INFO] httpx: HTTP Request: GET https://paper-api.alpaca.markets/v2/account "HTTP/1.1 200 OK"
2026-07-16 20:10:22,872 [INFO] httpx: HTTP Request: GET https://paper-api.alpaca.markets/v2/account "HTTP/1.1 200 OK"
2026-07-16 20:10:24,153 [INFO] httpx: HTTP Request: GET https://paper-api.alpaca.markets/v2/account "HTTP/1.1 200 OK"
2026-07-16 20:10:25,455 [INFO] httpx: HTTP Request: GET https://paper-api.alpaca.markets/v2/account "HTTP/1.1 200 OK"
2026-07-16 20:10:26,753 [INFO] httpx: HTTP Request: GET https://paper-api.alpaca.markets/v2/account "HTTP/1.1 200 OK"
2026-07-16 20:10:28,058 [INFO] httpx: HTTP Request: GET https://paper-api.alpaca.markets/v2/account "HTTP/1.1 200 OK"
2026-07-16 20:10:29,353 [INFO] httpx: HTTP Request: GET https://paper-api.alpaca.markets/v2/account "HTTP/1.1 200 OK"
2026-07-16 20:10:30,652 [INFO] httpx: HTTP Request: GET https://paper-api.alpaca.markets/v2/account "HTTP/1.1 200 OK"
2026-07-16 20:10:31,948 [INFO] httpx: HTTP Request: GET https://paper-api.alpaca.markets/v2/account "HTTP/1.1 200 OK"
2026-07-16 20:10:33,260 [INFO] httpx: HTTP Request: GET https://paper-api.alpaca.markets/v2/account "HTTP/1.1 200 OK"
2026-07-16 20:10:34,554 [INFO] httpx: HTTP Request: GET https://paper-api.alpaca.markets/v2/account "HTTP/1.1 200 OK"
2026-07-16 20:10:35,870 [INFO] httpx: HTTP Request: GET https://paper-api.alpaca.markets/v2/account "HTTP/1.1 200 OK"
2026-07-16 20:10:37,170 [INFO] httpx: HTTP Request: GET https://paper-api.alpaca.markets/v2/account "HTTP/1.1 200 OK"
2026-07-16 20:10:38,454 [INFO] httpx: HTTP Request: GET https://paper-api.alpaca.markets/v2/account "HTTP/1.1 200 OK"
2026-07-16 20:10:39,759 [INFO] httpx: HTTP Request: GET https://paper-api.alpaca.markets/v2/account "HTTP/1.1 200 OK"
2026-07-16 20:10:41,052 [INFO] httpx: HTTP Request: GET https://paper-api.alpaca.markets/v2/account "HTTP/1.1 200 OK"
2026-07-16 20:10:42,353 [INFO] httpx: HTTP Request: GET https://paper-api.alpaca.markets/v2/account "HTTP/1.1 200 OK"
2026-07-16 20:10:43,657 [INFO] httpx: HTTP Request: GET https://paper-api.alpaca.markets/v2/account "HTTP/1.1 200 OK"
2026-07-16 20:10:44,950 [INFO] httpx: HTTP Request: GET https://paper-api.alpaca.markets/v2/account "HTTP/1.1 200 OK"
2026-07-16 20:10:46,247 [INFO] httpx: HTTP Request: GET https://paper-api.alpaca.markets/v2/account "HTTP/1.1 200 OK"
2026-07-16 20:10:47,543 [INFO] httpx: HTTP Request: GET https://paper-api.alpaca.markets/v2/account "HTTP/1.1 200 OK"
2026-07-16 20:10:48,837 [INFO] httpx: HTTP Request: GET https://paper-api.alpaca.markets/v2/account "HTTP/1.1 200 OK"
2026-07-17 01:00:18,218 [INFO] TradingEngine.InferenceEngine: Successfully loaded ML model binary layer: 'xgboost_v1.pkl'
2026-07-17 01:00:18,233 [INFO] TradingEngine.Database: 💾 Async SQLite Persistent Engine initialized safely at logs/trading_data.db
2026-07-17 01:00:18,233 [INFO] TradingEngine.BrokerClient: Connecting to live brokerage data stream network: wss://stream.data.alpaca.markets/v2/test
2026-07-17 01:00:18,732 [ERROR] TradingEngine.BrokerClient: Brokerage authentication rejected: [{"T":"error","code":406,"msg":"connection limit exceeded"}]
2026-07-17 01:00:18,732 [INFO] TradingEngine.BrokerClient: Disconnecting broker client networking layer...
2026-07-17 01:00:18,823 [INFO] TradingEngine.BrokerClient: Broker client disconnected safely.
2026-07-17 01:00:18,823 [INFO] TradingEngine.Main: Trading system background microservice initialized successfully.
2026-07-17 01:00:18,823 [INFO] TradingEngine.Main: Starting Core Execution Engine Loop...
2026-07-17 01:00:19,145 [INFO] httpx: HTTP Request: GET https://paper-api.alpaca.markets/v2/account "HTTP/1.1 200 OK"
2026-07-17 01:00:20,477 [INFO] httpx: HTTP Request: GET https://paper-api.alpaca.markets/v2/account "HTTP/1.1 200 OK"
2026-07-17 01:00:21,824 [INFO] httpx: HTTP Request: GET https://paper-api.alpaca.markets/v2/account "HTTP/1.1 200 OK"
2026-07-17 01:00:23,112 [INFO] httpx: HTTP Request: GET https://paper-api.alpaca.markets/v2/account "HTTP/1.1 200 OK"
2026-07-17 01:00:24,480 [INFO] httpx: HTTP Request: GET https://paper-api.alpaca.markets/v2/account "HTTP/1.1 200 OK"
2026-07-17 01:00:25,817 [INFO] httpx: HTTP Request: GET https://paper-api.alpaca.markets/v2/account "HTTP/1.1 200 OK"
2026-07-17 01:00:27,135 [INFO] httpx: HTTP Request: GET https://paper-api.alpaca.markets/v2/account "HTTP/1.1 200 OK"
2026-07-17 01:00:28,466 [INFO] httpx: HTTP Request: GET https://paper-api.alpaca.markets/v2/account "HTTP/1.1 200 OK"
2026-07-17 01:00:29,793 [INFO] httpx: HTTP Request: GET https://paper-api.alpaca.markets/v2/account "HTTP/1.1 200 OK"
2026-07-17 01:00:31,138 [INFO] httpx: HTTP Request: GET https://paper-api.alpaca.markets/v2/account "HTTP/1.1 200 OK"
2026-07-17 01:00:32,455 [INFO] httpx: HTTP Request: GET https://paper-api.alpaca.markets/v2/account "HTTP/1.1 200 OK"
2026-07-17 01:00:33,793 [INFO] httpx: HTTP Request: GET https://paper-api.alpaca.markets/v2/account "HTTP/1.1 200 OK"
2026-07-17 01:00:35,079 [INFO] httpx: HTTP Request: GET https://paper-api.alpaca.markets/v2/account "HTTP/1.1 200 OK"
2026-07-17 01:00:36,382 [INFO] httpx: HTTP Request: GET https://paper-api.alpaca.markets/v2/account "HTTP/1.1 200 OK"
2026-07-17 01:00:37,699 [INFO] httpx: HTTP Request: GET https://paper-api.alpaca.markets/v2/account "HTTP/1.1 200 OK"
2026-07-17 01:00:39,029 [INFO] httpx: HTTP Request: GET https://paper-api.alpaca.markets/v2/account "HTTP/1.1 200 OK"
2026-07-17 01:00:40,354 [INFO] httpx: HTTP Request: GET https://paper-api.alpaca.markets/v2/account "HTTP/1.1 200 OK"
2026-07-17 01:00:41,634 [INFO] httpx: HTTP Request: GET https://paper-api.alpaca.markets/v2/account "HTTP/1.1 200 OK"
2026-07-17 01:00:43,029 [INFO] httpx: HTTP Request: GET https://paper-api.alpaca.markets/v2/account "HTTP/1.1 200 OK"
2026-07-17 01:00:44,345 [INFO] httpx: HTTP Request: GET https://paper-api.alpaca.markets/v2/account "HTTP/1.1 200 OK"
2026-07-17 01:00:45,669 [INFO] httpx: HTTP Request: GET https://paper-api.alpaca.markets/v2/account "HTTP/1.1 200 OK"
2026-07-17 01:00:47,000 [INFO] httpx: HTTP Request: GET https://paper-api.alpaca.markets/v2/account "HTTP/1.1 200 OK"
2026-07-17 01:00:48,336 [INFO] httpx: HTTP Request: GET https://paper-api.alpaca.markets/v2/account "HTTP/1.1 200 OK"
2026-07-17 01:00:49,680 [INFO] httpx: HTTP Request: GET https://paper-api.alpaca.markets/v2/account "HTTP/1.1 200 OK"
2026-07-17 01:00:50,995 [INFO] httpx: HTTP Request: GET https://paper-api.alpaca.markets/v2/account "HTTP/1.1 200 OK"
2026-07-17 01:00:52,335 [INFO] httpx: HTTP Request: GET https://paper-api.alpaca.markets/v2/account "HTTP/1.1 200 OK"
2026-07-17 01:00:53,657 [INFO] httpx: HTTP Request: GET https://paper-api.alpaca.markets/v2/account "HTTP/1.1 200 OK"
2026-07-17 01:00:55,004 [INFO] httpx: HTTP Request: GET https://paper-api.alpaca.markets/v2/account "HTTP/1.1 200 OK"
2026-07-17 01:00:56,323 [INFO] httpx: HTTP Request: GET https://paper-api.alpaca.markets/v2/account "HTTP/1.1 200 OK"
2026-07-17 01:00:57,336 [INFO] TradingEngine.Main: Initiating safe shutdown sequence. Cancelling engine tasks...
2026-07-17 01:00:57,336 [INFO] TradingEngine.BrokerClient: Disconnecting broker client networking layer...
2026-07-17 01:00:57,336 [INFO] TradingEngine.BrokerClient: Broker client disconnected safely.
2026-07-17 01:00:57,336 [INFO] TradingEngine.Main: Trading system microservice terminated cleanly.
2026-07-17 22:17:32,334 [INFO] TradingEngine.InferenceEngine: Successfully loaded ML model binary layer: 'xgboost_v1.pkl'
2026-07-17 22:17:32,340 [INFO] TradingEngine.Database: 💾 Async SQLite Persistent Engine initialized safely at logs/trading_data.db
2026-07-17 22:17:32,340 [INFO] TradingEngine.BrokerClient: Connecting to live brokerage data stream network: wss://stream.data.alpaca.markets/v2/test
2026-07-17 22:17:32,789 [ERROR] TradingEngine.BrokerClient: Brokerage authentication rejected: [{"T":"error","code":406,"msg":"connection limit exceeded"}]
2026-07-17 22:17:32,789 [INFO] TradingEngine.BrokerClient: Disconnecting broker client networking layer...
2026-07-17 22:17:32,876 [INFO] TradingEngine.BrokerClient: Broker client disconnected safely.
2026-07-17 22:17:32,876 [INFO] TradingEngine.Main: Trading system background microservice initialized successfully.
2026-07-17 22:17:32,876 [INFO] TradingEngine.Main: Starting Core Execution Engine Loop...
2026-07-17 22:17:33,184 [INFO] httpx: HTTP Request: GET https://paper-api.alpaca.markets/v2/account "HTTP/1.1 200 OK"
2026-07-17 22:17:34,522 [INFO] httpx: HTTP Request: GET https://paper-api.alpaca.markets/v2/account "HTTP/1.1 200 OK"
2026-07-17 22:17:35,850 [INFO] httpx: HTTP Request: GET https://paper-api.alpaca.markets/v2/account "HTTP/1.1 200 OK"
2026-07-17 22:17:37,179 [INFO] httpx: HTTP Request: GET https://paper-api.alpaca.markets/v2/account "HTTP/1.1 200 OK"
2026-07-17 22:17:38,509 [INFO] httpx: HTTP Request: GET https://paper-api.alpaca.markets/v2/account "HTTP/1.1 200 OK"
2026-07-17 22:17:39,843 [INFO] httpx: HTTP Request: GET https://paper-api.alpaca.markets/v2/account "HTTP/1.1 200 OK"
2026-07-17 22:17:41,180 [INFO] httpx: HTTP Request: GET https://paper-api.alpaca.markets/v2/account "HTTP/1.1 200 OK"
2026-07-17 22:17:42,504 [INFO] httpx: HTTP Request: GET https://paper-api.alpaca.markets/v2/account "HTTP/1.1 200 OK"
2026-07-17 22:17:43,831 [INFO] httpx: HTTP Request: GET https://paper-api.alpaca.markets/v2/account "HTTP/1.1 200 OK"
2026-07-17 22:17:45,166 [INFO] httpx: HTTP Request: GET https://paper-api.alpaca.markets/v2/account "HTTP/1.1 200 OK"
2026-07-17 22:17:46,497 [INFO] httpx: HTTP Request: GET https://paper-api.alpaca.markets/v2/account "HTTP/1.1 200 OK"
2026-07-17 22:17:47,830 [INFO] httpx: HTTP Request: GET https://paper-api.alpaca.markets/v2/account "HTTP/1.1 200 OK"
2026-07-17 22:17:49,155 [INFO] httpx: HTTP Request: GET https://paper-api.alpaca.markets/v2/account "HTTP/1.1 200 OK"
2026-07-17 22:17:50,494 [INFO] httpx: HTTP Request: GET https://paper-api.alpaca.markets/v2/account "HTTP/1.1 200 OK"
2026-07-17 22:17:51,815 [INFO] httpx: HTTP Request: GET https://paper-api.alpaca.markets/v2/account "HTTP/1.1 200 OK"
2026-07-17 22:17:53,150 [INFO] httpx: HTTP Request: GET https://paper-api.alpaca.markets/v2/account "HTTP/1.1 200 OK"
2026-07-17 22:17:54,484 [INFO] httpx: HTTP Request: GET https://paper-api.alpaca.markets/v2/account "HTTP/1.1 200 OK"
2026-07-17 22:17:55,807 [INFO] httpx: HTTP Request: GET https://paper-api.alpaca.markets/v2/account "HTTP/1.1 200 OK"
2026-07-17 22:17:57,311 [INFO] httpx: HTTP Request: GET https://paper-api.alpaca.markets/v2/account "HTTP/1.1 200 OK"
2026-07-17 22:17:58,686 [INFO] httpx: HTTP Request: GET https://paper-api.alpaca.markets/v2/account "HTTP/1.1 200 OK"
2026-07-17 22:18:00,027 [INFO] httpx: HTTP Request: GET https://paper-api.alpaca.markets/v2/account "HTTP/1.1 200 OK"
2026-07-17 22:18:01,304 [INFO] httpx: HTTP Request: GET https://paper-api.alpaca.markets/v2/account "HTTP/1.1 200 OK"
2026-07-17 22:18:02,679 [INFO] httpx: HTTP Request: GET https://paper-api.alpaca.markets/v2/account "HTTP/1.1 200 OK"
2026-07-17 22:18:04,015 [INFO] httpx: HTTP Request: GET https://paper-api.alpaca.markets/v2/account "HTTP/1.1 200 OK"
2026-07-17 22:18:05,350 [INFO] httpx: HTTP Request: GET https://paper-api.alpaca.markets/v2/account "HTTP/1.1 200 OK"
2026-07-17 22:18:06,672 [INFO] httpx: HTTP Request: GET https://paper-api.alpaca.markets/v2/account "HTTP/1.1 200 OK"
2026-07-17 22:18:07,999 [INFO] httpx: HTTP Request: GET https://paper-api.alpaca.markets/v2/account "HTTP/1.1 200 OK"
2026-07-17 22:18:09,333 [INFO] httpx: HTTP Request: GET https://paper-api.alpaca.markets/v2/account "HTTP/1.1 200 OK"
2026-07-17 22:18:10,684 [INFO] httpx: HTTP Request: GET https://paper-api.alpaca.markets/v2/account "HTTP/1.1 200 OK"
2026-07-17 22:18:12,006 [INFO] httpx: HTTP Request: GET https://paper-api.alpaca.markets/v2/account "HTTP/1.1 200 OK"
2026-07-17 22:18:13,279 [INFO] httpx: HTTP Request: GET https://paper-api.alpaca.markets/v2/account "HTTP/1.1 200 OK"
2026-07-17 22:18:14,699 [INFO] httpx: HTTP Request: GET https://paper-api.alpaca.markets/v2/account "HTTP/1.1 200 OK"
2026-07-17 22:18:15,988 [INFO] httpx: HTTP Request: GET https://paper-api.alpaca.markets/v2/account "HTTP/1.1 200 OK"
2026-07-17 22:18:17,326 [INFO] httpx: HTTP Request: GET https://paper-api.alpaca.markets/v2/account "HTTP/1.1 200 OK"
2026-07-17 22:18:18,659 [INFO] httpx: HTTP Request: GET https://paper-api.alpaca.markets/v2/account "HTTP/1.1 200 OK"
2026-07-17 22:18:19,980 [INFO] httpx: HTTP Request: GET https://paper-api.alpaca.markets/v2/account "HTTP/1.1 200 OK"
2026-07-17 22:18:21,319 [INFO] httpx: HTTP Request: GET https://paper-api.alpaca.markets/v2/account "HTTP/1.1 200 OK"
2026-07-17 22:18:22,649 [INFO] httpx: HTTP Request: GET https://paper-api.alpaca.markets/v2/account "HTTP/1.1 200 OK"
2026-07-17 22:18:23,980 [INFO] httpx: HTTP Request: GET https://paper-api.alpaca.markets/v2/account "HTTP/1.1 200 OK"
2026-07-17 22:18:25,263 [INFO] httpx: HTTP Request: GET https://paper-api.alpaca.markets/v2/account "HTTP/1.1 200 OK"
2026-07-17 22:18:26,642 [INFO] httpx: HTTP Request: GET https://paper-api.alpaca.markets/v2/account "HTTP/1.1 200 OK"
2026-07-17 22:18:27,970 [INFO] httpx: HTTP Request: GET https://paper-api.alpaca.markets/v2/account "HTTP/1.1 200 OK"
2026-07-17 22:18:29,304 [INFO] httpx: HTTP Request: GET https://paper-api.alpaca.markets/v2/account "HTTP/1.1 200 OK"
2026-07-17 22:18:30,629 [INFO] httpx: HTTP Request: GET https://paper-api.alpaca.markets/v2/account "HTTP/1.1 200 OK"
2026-07-17 22:18:31,975 [INFO] httpx: HTTP Request: GET https://paper-api.alpaca.markets/v2/account "HTTP/1.1 200 OK"
2026-07-17 22:18:33,303 [INFO] httpx: HTTP Request: GET https://paper-api.alpaca.markets/v2/account "HTTP/1.1 200 OK"
2026-07-17 22:18:34,635 [INFO] httpx: HTTP Request: GET https://paper-api.alpaca.markets/v2/account "HTTP/1.1 200 OK"
2026-07-17 22:18:35,952 [INFO] httpx: HTTP Request: GET https://paper-api.alpaca.markets/v2/account "HTTP/1.1 200 OK"
2026-07-17 22:18:37,287 [INFO] httpx: HTTP Request: GET https://paper-api.alpaca.markets/v2/account "HTTP/1.1 200 OK"
2026-07-17 22:18:38,755 [INFO] httpx: HTTP Request: GET https://paper-api.alpaca.markets/v2/account "HTTP/1.1 200 OK"
2026-07-17 22:18:40,055 [INFO] httpx: HTTP Request: GET https://paper-api.alpaca.markets/v2/account "HTTP/1.1 200 OK"
2026-07-17 22:18:41,385 [INFO] httpx: HTTP Request: GET https://paper-api.alpaca.markets/v2/account "HTTP/1.1 200 OK"
2026-07-17 22:18:42,714 [INFO] httpx: HTTP Request: GET https://paper-api.alpaca.markets/v2/account "HTTP/1.1 200 OK"
2026-07-17 22:18:44,051 [INFO] httpx: HTTP Request: GET https://paper-api.alpaca.markets/v2/account "HTTP/1.1 200 OK"
2026-07-17 22:18:45,394 [INFO] httpx: HTTP Request: GET https://paper-api.alpaca.markets/v2/account "HTTP/1.1 200 OK"
2026-07-17 22:18:46,705 [INFO] httpx: HTTP Request: GET https://paper-api.alpaca.markets/v2/account "HTTP/1.1 200 OK"
2026-07-17 22:18:48,044 [INFO] httpx: HTTP Request: GET https://paper-api.alpaca.markets/v2/account "HTTP/1.1 200 OK"
2026-07-17 22:18:49,319 [INFO] httpx: HTTP Request: GET https://paper-api.alpaca.markets/v2/account "HTTP/1.1 200 OK"
2026-07-17 22:18:50,700 [INFO] httpx: HTTP Request: GET https://paper-api.alpaca.markets/v2/account "HTTP/1.1 200 OK"
2026-07-17 22:18:51,989 [INFO] httpx: HTTP Request: GET https://paper-api.alpaca.markets/v2/account "HTTP/1.1 200 OK"
2026-07-17 22:18:53,366 [INFO] httpx: HTTP Request: GET https://paper-api.alpaca.markets/v2/account "HTTP/1.1 200 OK"
2026-07-17 22:18:54,695 [INFO] httpx: HTTP Request: GET https://paper-api.alpaca.markets/v2/account "HTTP/1.1 200 OK"
2026-07-17 22:18:56,040 [INFO] httpx: HTTP Request: GET https://paper-api.alpaca.markets/v2/account "HTTP/1.1 200 OK"
2026-07-17 22:18:57,365 [INFO] httpx: HTTP Request: GET https://paper-api.alpaca.markets/v2/account "HTTP/1.1 200 OK"
2026-07-17 22:18:58,689 [INFO] httpx: HTTP Request: GET https://paper-api.alpaca.markets/v2/account "HTTP/1.1 200 OK"
2026-07-17 22:19:00,029 [INFO] httpx: HTTP Request: GET https://paper-api.alpaca.markets/v2/account "HTTP/1.1 200 OK"
2026-07-17 22:19:01,319 [INFO] httpx: HTTP Request: GET https://paper-api.alpaca.markets/v2/account "HTTP/1.1 200 OK"
2026-07-17 22:19:02,687 [INFO] httpx: HTTP Request: GET https://paper-api.alpaca.markets/v2/account "HTTP/1.1 200 OK"
2026-07-17 22:19:04,022 [INFO] httpx: HTTP Request: GET https://paper-api.alpaca.markets/v2/account "HTTP/1.1 200 OK"
2026-07-17 22:19:05,346 [INFO] httpx: HTTP Request: GET https://paper-api.alpaca.markets/v2/account "HTTP/1.1 200 OK"
2026-07-17 22:19:06,676 [INFO] httpx: HTTP Request: GET https://paper-api.alpaca.markets/v2/account "HTTP/1.1 200 OK"
2026-07-17 22:19:08,016 [INFO] httpx: HTTP Request: GET https://paper-api.alpaca.markets/v2/account "HTTP/1.1 200 OK"
2026-07-17 22:19:09,339 [INFO] httpx: HTTP Request: GET https://paper-api.alpaca.markets/v2/account "HTTP/1.1 200 OK"
2026-07-17 22:19:10,664 [INFO] httpx: HTTP Request: GET https://paper-api.alpaca.markets/v2/account "HTTP/1.1 200 OK"
2026-07-17 22:19:12,005 [INFO] httpx: HTTP Request: GET https://paper-api.alpaca.markets/v2/account "HTTP/1.1 200 OK"
2026-07-17 22:19:13,285 [INFO] httpx: HTTP Request: GET https://paper-api.alpaca.markets/v2/account "HTTP/1.1 200 OK"
2026-07-17 22:19:14,670 [INFO] httpx: HTTP Request: GET https://paper-api.alpaca.markets/v2/account "HTTP/1.1 200 OK"
2026-07-17 22:19:15,995 [INFO] httpx: HTTP Request: GET https://paper-api.alpaca.markets/v2/account "HTTP/1.1 200 OK"
2026-07-17 22:19:17,332 [INFO] httpx: HTTP Request: GET https://paper-api.alpaca.markets/v2/account "HTTP/1.1 200 OK"
2026-07-17 22:19:18,659 [INFO] httpx: HTTP Request: GET https://paper-api.alpaca.markets/v2/account "HTTP/1.1 200 OK"
2026-07-17 22:19:20,000 [INFO] httpx: HTTP Request: GET https://paper-api.alpaca.markets/v2/account "HTTP/1.1 200 OK"
2026-07-17 22:19:21,319 [INFO] httpx: HTTP Request: GET https://paper-api.alpaca.markets/v2/account "HTTP/1.1 200 OK"
2026-07-17 22:19:22,656 [INFO] httpx: HTTP Request: GET https://paper-api.alpaca.markets/v2/account "HTTP/1.1 200 OK"
2026-07-17 22:19:23,982 [INFO] httpx: HTTP Request: GET https://paper-api.alpaca.markets/v2/account "HTTP/1.1 200 OK"
2026-07-17 22:19:25,315 [INFO] httpx: HTTP Request: GET https://paper-api.alpaca.markets/v2/account "HTTP/1.1 200 OK"
2026-07-17 22:19:26,650 [INFO] httpx: HTTP Request: GET https://paper-api.alpaca.markets/v2/account "HTTP/1.1 200 OK"
2026-07-17 22:19:27,967 [INFO] httpx: HTTP Request: GET https://paper-api.alpaca.markets/v2/account "HTTP/1.1 200 OK"
2026-07-17 22:19:29,312 [INFO] httpx: HTTP Request: GET https://paper-api.alpaca.markets/v2/account "HTTP/1.1 200 OK"
2026-07-17 22:19:30,641 [INFO] httpx: HTTP Request: GET https://paper-api.alpaca.markets/v2/account "HTTP/1.1 200 OK"
2026-07-17 22:19:31,981 [INFO] httpx: HTTP Request: GET https://paper-api.alpaca.markets/v2/account "HTTP/1.1 200 OK"
2026-07-17 22:19:33,541 [INFO] httpx: HTTP Request: GET https://paper-api.alpaca.markets/v2/account "HTTP/1.1 200 OK"
2026-07-17 22:19:34,840 [INFO] httpx: HTTP Request: GET https://paper-api.alpaca.markets/v2/account "HTTP/1.1 200 OK"
2026-07-17 22:19:36,180 [INFO] httpx: HTTP Request: GET https://paper-api.alpaca.markets/v2/account "HTTP/1.1 200 OK"
2026-07-17 22:19:37,500 [INFO] httpx: HTTP Request: GET https://paper-api.alpaca.markets/v2/account "HTTP/1.1 200 OK"
2026-07-17 22:19:38,835 [INFO] httpx: HTTP Request: GET https://paper-api.alpaca.markets/v2/account "HTTP/1.1 200 OK"
2026-07-17 22:19:40,167 [INFO] httpx: HTTP Request: GET https://paper-api.alpaca.markets/v2/account "HTTP/1.1 200 OK"
2026-07-17 22:19:41,437 [INFO] httpx: HTTP Request: GET https://paper-api.alpaca.markets/v2/account "HTTP/1.1 200 OK"
2026-07-17 22:19:42,725 [INFO] httpx: HTTP Request: GET https://paper-api.alpaca.markets/v2/account "HTTP/1.1 200 OK"
2026-07-17 22:19:44,069 [INFO] httpx: HTTP Request: GET https://paper-api.alpaca.markets/v2/account "HTTP/1.1 200 OK"
2026-07-17 22:19:45,389 [INFO] httpx: HTTP Request: GET https://paper-api.alpaca.markets/v2/account "HTTP/1.1 200 OK"
2026-07-17 22:19:46,719 [INFO] httpx: HTTP Request: GET https://paper-api.alpaca.markets/v2/account "HTTP/1.1 200 OK"
2026-07-17 22:19:48,052 [INFO] httpx: HTTP Request: GET https://paper-api.alpaca.markets/v2/account "HTTP/1.1 200 OK"
2026-07-17 22:19:49,330 [INFO] httpx: HTTP Request: GET https://paper-api.alpaca.markets/v2/account "HTTP/1.1 200 OK"
2026-07-17 22:19:50,713 [INFO] httpx: HTTP Request: GET https://paper-api.alpaca.markets/v2/account "HTTP/1.1 200 OK"
2026-07-17 22:19:52,035 [INFO] httpx: HTTP Request: GET https://paper-api.alpaca.markets/v2/account "HTTP/1.1 200 OK"
2026-07-17 22:19:53,369 [INFO] httpx: HTTP Request: GET https://paper-api.alpaca.markets/v2/account "HTTP/1.1 200 OK"
2026-07-17 22:19:54,710 [INFO] httpx: HTTP Request: GET https://paper-api.alpaca.markets/v2/account "HTTP/1.1 200 OK"
2026-07-17 22:19:56,051 [INFO] httpx: HTTP Request: GET https://paper-api.alpaca.markets/v2/account "HTTP/1.1 200 OK"
2026-07-17 22:19:57,364 [INFO] httpx: HTTP Request: GET https://paper-api.alpaca.markets/v2/account "HTTP/1.1 200 OK"
2026-07-17 22:19:58,710 [INFO] httpx: HTTP Request: GET https://paper-api.alpaca.markets/v2/account "HTTP/1.1 200 OK"
2026-07-17 22:20:00,034 [INFO] httpx: HTTP Request: GET https://paper-api.alpaca.markets/v2/account "HTTP/1.1 200 OK"
2026-07-17 22:20:01,309 [INFO] httpx: HTTP Request: GET https://paper-api.alpaca.markets/v2/account "HTTP/1.1 200 OK"
2026-07-17 22:20:02,691 [INFO] httpx: HTTP Request: GET https://paper-api.alpaca.markets/v2/account "HTTP/1.1 200 OK"
2026-07-17 22:20:04,034 [INFO] httpx: HTTP Request: GET https://paper-api.alpaca.markets/v2/account "HTTP/1.1 200 OK"
2026-07-17 22:20:05,352 [INFO] httpx: HTTP Request: GET https://paper-api.alpaca.markets/v2/account "HTTP/1.1 200 OK"
2026-07-17 22:20:06,683 [INFO] httpx: HTTP Request: GET https://paper-api.alpaca.markets/v2/account "HTTP/1.1 200 OK"
2026-07-17 22:20:08,025 [INFO] httpx: HTTP Request: GET https://paper-api.alpaca.markets/v2/account "HTTP/1.1 200 OK"
2026-07-17 22:20:09,342 [INFO] httpx: HTTP Request: GET https://paper-api.alpaca.markets/v2/account "HTTP/1.1 200 OK"
2026-07-17 22:20:10,680 [INFO] httpx: HTTP Request: GET https://paper-api.alpaca.markets/v2/account "HTTP/1.1 200 OK"
2026-07-17 22:20:12,011 [INFO] httpx: HTTP Request: GET https://paper-api.alpaca.markets/v2/account "HTTP/1.1 200 OK"
2026-07-17 22:20:13,345 [INFO] httpx: HTTP Request: GET https://paper-api.alpaca.markets/v2/account "HTTP/1.1 200 OK"
2026-07-17 22:20:14,672 [INFO] httpx: HTTP Request: GET https://paper-api.alpaca.markets/v2/account "HTTP/1.1 200 OK"
2026-07-17 22:20:15,997 [INFO] httpx: HTTP Request: GET https://paper-api.alpaca.markets/v2/account "HTTP/1.1 200 OK"
2026-07-17 22:20:17,338 [INFO] httpx: HTTP Request: GET https://paper-api.alpaca.markets/v2/account "HTTP/1.1 200 OK"
2026-07-17 22:20:18,664 [INFO] httpx: HTTP Request: GET https://paper-api.alpaca.markets/v2/account "HTTP/1.1 200 OK"
2026-07-17 22:20:19,957 [INFO] httpx: HTTP Request: GET https://paper-api.alpaca.markets/v2/account "HTTP/1.1 200 OK"
2026-07-17 22:20:21,436 [INFO] httpx: HTTP Request: GET https://paper-api.alpaca.markets/v2/account "HTTP/1.1 200 OK"
2026-07-17 22:20:22,873 [INFO] httpx: HTTP Request: GET https://paper-api.alpaca.markets/v2/account "HTTP/1.1 200 OK"
2026-07-17 22:20:24,194 [INFO] httpx: HTTP Request: GET https://paper-api.alpaca.markets/v2/account "HTTP/1.1 200 OK"
2026-07-17 22:20:25,521 [INFO] httpx: HTTP Request: GET https://paper-api.alpaca.markets/v2/account "HTTP/1.1 200 OK"
2026-07-17 22:20:26,856 [INFO] httpx: HTTP Request: GET https://paper-api.alpaca.markets/v2/account "HTTP/1.1 200 OK"
2026-07-17 22:20:28,190 [INFO] httpx: HTTP Request: GET https://paper-api.alpaca.markets/v2/account "HTTP/1.1 200 OK"
2026-07-17 22:20:29,471 [INFO] httpx: HTTP Request: GET https://paper-api.alpaca.markets/v2/account "HTTP/1.1 200 OK"
2026-07-17 22:20:30,747 [INFO] httpx: HTTP Request: GET https://paper-api.alpaca.markets/v2/account "HTTP/1.1 200 OK"
2026-07-17 22:20:32,024 [INFO] httpx: HTTP Request: GET https://paper-api.alpaca.markets/v2/account "HTTP/1.1 200 OK"
2026-07-17 22:20:33,301 [INFO] httpx: HTTP Request: GET https://paper-api.alpaca.markets/v2/account "HTTP/1.1 200 OK"
2026-07-17 22:20:34,579 [INFO] httpx: HTTP Request: GET https://paper-api.alpaca.markets/v2/account "HTTP/1.1 200 OK"
2026-07-17 22:20:35,857 [INFO] httpx: HTTP Request: GET https://paper-api.alpaca.markets/v2/account "HTTP/1.1 200 OK"
2026-07-17 22:20:37,134 [INFO] httpx: HTTP Request: GET https://paper-api.alpaca.markets/v2/account "HTTP/1.1 200 OK"
2026-07-17 22:20:38,420 [INFO] httpx: HTTP Request: GET https://paper-api.alpaca.markets/v2/account "HTTP/1.1 200 OK"
2026-07-17 22:20:39,694 [INFO] httpx: HTTP Request: GET https://paper-api.alpaca.markets/v2/account "HTTP/1.1 200 OK"
2026-07-17 22:20:40,964 [INFO] httpx: HTTP Request: GET https://paper-api.alpaca.markets/v2/account "HTTP/1.1 200 OK"
2026-07-17 22:20:42,239 [INFO] httpx: HTTP Request: GET https://paper-api.alpaca.markets/v2/account "HTTP/1.1 200 OK"
2026-07-17 22:20:43,520 [INFO] httpx: HTTP Request: GET https://paper-api.alpaca.markets/v2/account "HTTP/1.1 200 OK"
2026-07-17 22:20:44,801 [INFO] httpx: HTTP Request: GET https://paper-api.alpaca.markets/v2/account "HTTP/1.1 200 OK"
2026-07-17 22:20:46,082 [INFO] httpx: HTTP Request: GET https://paper-api.alpaca.markets/v2/account "HTTP/1.1 200 OK"
2026-07-17 22:20:47,357 [INFO] httpx: HTTP Request: GET https://paper-api.alpaca.markets/v2/account "HTTP/1.1 200 OK"
2026-07-17 22:20:48,639 [INFO] httpx: HTTP Request: GET https://paper-api.alpaca.markets/v2/account "HTTP/1.1 200 OK"
2026-07-17 22:20:49,926 [INFO] httpx: HTTP Request: GET https://paper-api.alpaca.markets/v2/account "HTTP/1.1 200 OK"
2026-07-17 22:20:51,201 [INFO] httpx: HTTP Request: GET https://paper-api.alpaca.markets/v2/account "HTTP/1.1 200 OK"
2026-07-17 22:20:52,486 [INFO] httpx: HTTP Request: GET https://paper-api.alpaca.markets/v2/account "HTTP/1.1 200 OK"
2026-07-17 22:20:53,764 [INFO] httpx: HTTP Request: GET https://paper-api.alpaca.markets/v2/account "HTTP/1.1 200 OK"
2026-07-17 22:20:55,035 [INFO] httpx: HTTP Request: GET https://paper-api.alpaca.markets/v2/account "HTTP/1.1 200 OK"
2026-07-17 22:20:56,311 [INFO] httpx: HTTP Request: GET https://paper-api.alpaca.markets/v2/account "HTTP/1.1 200 OK"
2026-07-17 22:20:57,593 [INFO] httpx: HTTP Request: GET https://paper-api.alpaca.markets/v2/account "HTTP/1.1 200 OK"
2026-07-17 22:20:58,876 [INFO] httpx: HTTP Request: GET https://paper-api.alpaca.markets/v2/account "HTTP/1.1 200 OK"
2026-07-17 22:21:00,211 [INFO] httpx: HTTP Request: GET https://paper-api.alpaca.markets/v2/account "HTTP/1.1 200 OK"
2026-07-17 22:21:01,485 [INFO] httpx: HTTP Request: GET https://paper-api.alpaca.markets/v2/account "HTTP/1.1 200 OK"
2026-07-17 22:21:02,760 [INFO] httpx: HTTP Request: GET https://paper-api.alpaca.markets/v2/account "HTTP/1.1 200 OK"
2026-07-17 22:21:04,036 [INFO] httpx: HTTP Request: GET https://paper-api.alpaca.markets/v2/account "HTTP/1.1 200 OK"
2026-07-17 22:21:05,313 [INFO] httpx: HTTP Request: GET https://paper-api.alpaca.markets/v2/account "HTTP/1.1 200 OK"
2026-07-17 22:21:06,605 [INFO] httpx: HTTP Request: GET https://paper-api.alpaca.markets/v2/account "HTTP/1.1 200 OK"
2026-07-17 22:21:08,205 [INFO] httpx: HTTP Request: GET https://paper-api.alpaca.markets/v2/account "HTTP/1.1 200 OK"
2026-07-17 22:21:09,493 [INFO] httpx: HTTP Request: GET https://paper-api.alpaca.markets/v2/account "HTTP/1.1 200 OK"
2026-07-17 22:21:10,775 [INFO] httpx: HTTP Request: GET https://paper-api.alpaca.markets/v2/account "HTTP/1.1 200 OK"
2026-07-17 22:21:12,047 [INFO] httpx: HTTP Request: GET https://paper-api.alpaca.markets/v2/account "HTTP/1.1 200 OK"
2026-07-17 22:21:13,325 [INFO] httpx: HTTP Request: GET https://paper-api.alpaca.markets/v2/account "HTTP/1.1 200 OK"
2026-07-17 22:21:14,606 [INFO] httpx: HTTP Request: GET https://paper-api.alpaca.markets/v2/account "HTTP/1.1 200 OK"
2026-07-17 22:21:15,879 [INFO] httpx: HTTP Request: GET https://paper-api.alpaca.markets/v2/account "HTTP/1.1 200 OK"
2026-07-17 22:21:17,156 [INFO] httpx: HTTP Request: GET https://paper-api.alpaca.markets/v2/account "HTTP/1.1 200 OK"
2026-07-17 22:21:18,441 [INFO] httpx: HTTP Request: GET https://paper-api.alpaca.markets/v2/account "HTTP/1.1 200 OK"
2026-07-17 22:21:19,720 [INFO] httpx: HTTP Request: GET https://paper-api.alpaca.markets/v2/account "HTTP/1.1 200 OK"
2026-07-17 22:21:21,234 [INFO] httpx: HTTP Request: GET https://paper-api.alpaca.markets/v2/account "HTTP/1.1 200 OK"
2026-07-17 22:21:22,509 [INFO] httpx: HTTP Request: GET https://paper-api.alpaca.markets/v2/account "HTTP/1.1 200 OK"
2026-07-17 22:21:23,785 [INFO] httpx: HTTP Request: GET https://paper-api.alpaca.markets/v2/account "HTTP/1.1 200 OK"
2026-07-17 22:21:25,070 [INFO] httpx: HTTP Request: GET https://paper-api.alpaca.markets/v2/account "HTTP/1.1 200 OK"
2026-07-17 22:21:26,339 [INFO] httpx: HTTP Request: GET https://paper-api.alpaca.markets/v2/account "HTTP/1.1 200 OK"
2026-07-17 22:21:27,616 [INFO] httpx: HTTP Request: GET https://paper-api.alpaca.markets/v2/account "HTTP/1.1 200 OK"
2026-07-17 22:21:28,890 [INFO] httpx: HTTP Request: GET https://paper-api.alpaca.markets/v2/account "HTTP/1.1 200 OK"
2026-07-17 22:21:30,170 [INFO] httpx: HTTP Request: GET https://paper-api.alpaca.markets/v2/account "HTTP/1.1 200 OK"
2026-07-17 22:21:31,692 [INFO] httpx: HTTP Request: GET https://paper-api.alpaca.markets/v2/account "HTTP/1.1 200 OK"
2026-07-17 22:21:32,970 [INFO] httpx: HTTP Request: GET https://paper-api.alpaca.markets/v2/account "HTTP/1.1 200 OK"
2026-07-17 22:21:34,250 [INFO] httpx: HTTP Request: GET https://paper-api.alpaca.markets/v2/account "HTTP/1.1 200 OK"
2026-07-17 22:21:35,525 [INFO] httpx: HTTP Request: GET https://paper-api.alpaca.markets/v2/account "HTTP/1.1 200 OK"
2026-07-17 22:21:36,804 [INFO] httpx: HTTP Request: GET https://paper-api.alpaca.markets/v2/account "HTTP/1.1 200 OK"
2026-07-17 22:21:38,079 [INFO] httpx: HTTP Request: GET https://paper-api.alpaca.markets/v2/account "HTTP/1.1 200 OK"
2026-07-17 22:21:39,344 [INFO] httpx: HTTP Request: GET https://paper-api.alpaca.markets/v2/account "HTTP/1.1 200 OK"
2026-07-17 22:21:40,629 [INFO] httpx: HTTP Request: GET https://paper-api.alpaca.markets/v2/account "HTTP/1.1 200 OK"
2026-07-17 22:21:41,904 [INFO] httpx: HTTP Request: GET https://paper-api.alpaca.markets/v2/account "HTTP/1.1 200 OK"
2026-07-17 22:21:43,185 [INFO] httpx: HTTP Request: GET https://paper-api.alpaca.markets/v2/account "HTTP/1.1 200 OK"
2026-07-17 22:21:44,449 [INFO] httpx: HTTP Request: GET https://paper-api.alpaca.markets/v2/account "HTTP/1.1 200 OK"
2026-07-17 22:21:45,725 [INFO] httpx: HTTP Request: GET https://paper-api.alpaca.markets/v2/account "HTTP/1.1 200 OK"
2026-07-17 22:21:46,999 [INFO] httpx: HTTP Request: GET https://paper-api.alpaca.markets/v2/account "HTTP/1.1 200 OK"
2026-07-17 22:21:48,276 [INFO] httpx: HTTP Request: GET https://paper-api.alpaca.markets/v2/account "HTTP/1.1 200 OK"
2026-07-17 22:21:49,549 [INFO] httpx: HTTP Request: GET https://paper-api.alpaca.markets/v2/account "HTTP/1.1 200 OK"
2026-07-17 22:21:50,831 [INFO] httpx: HTTP Request: GET https://paper-api.alpaca.markets/v2/account "HTTP/1.1 200 OK"
2026-07-17 22:21:52,111 [INFO] httpx: HTTP Request: GET https://paper-api.alpaca.markets/v2/account "HTTP/1.1 200 OK"
2026-07-17 22:21:53,379 [INFO] httpx: HTTP Request: GET https://paper-api.alpaca.markets/v2/account "HTTP/1.1 200 OK"
2026-07-17 22:21:54,650 [INFO] httpx: HTTP Request: GET https://paper-api.alpaca.markets/v2/account "HTTP/1.1 200 OK"
2026-07-17 22:21:55,932 [INFO] httpx: HTTP Request: GET https://paper-api.alpaca.markets/v2/account "HTTP/1.1 200 OK"
2026-07-17 22:21:57,205 [INFO] httpx: HTTP Request: GET https://paper-api.alpaca.markets/v2/account "HTTP/1.1 200 OK"
2026-07-17 22:21:58,484 [INFO] httpx: HTTP Request: GET https://paper-api.alpaca.markets/v2/account "HTTP/1.1 200 OK"
2026-07-17 22:21:59,766 [INFO] httpx: HTTP Request: GET https://paper-api.alpaca.markets/v2/account "HTTP/1.1 200 OK"
2026-07-17 22:22:01,049 [INFO] httpx: HTTP Request: GET https://paper-api.alpaca.markets/v2/account "HTTP/1.1 200 OK"
2026-07-17 22:22:02,329 [INFO] httpx: HTTP Request: GET https://paper-api.alpaca.markets/v2/account "HTTP/1.1 200 OK"
2026-07-17 22:22:03,607 [INFO] httpx: HTTP Request: GET https://paper-api.alpaca.markets/v2/account "HTTP/1.1 200 OK"
2026-07-17 22:22:04,887 [INFO] httpx: HTTP Request: GET https://paper-api.alpaca.markets/v2/account "HTTP/1.1 200 OK"
2026-07-17 22:22:06,169 [INFO] httpx: HTTP Request: GET https://paper-api.alpaca.markets/v2/account "HTTP/1.1 200 OK"
2026-07-17 22:22:07,445 [INFO] httpx: HTTP Request: GET https://paper-api.alpaca.markets/v2/account "HTTP/1.1 200 OK"
2026-07-17 22:22:08,724 [INFO] httpx: HTTP Request: GET https://paper-api.alpaca.markets/v2/account "HTTP/1.1 200 OK"
2026-07-17 22:22:10,000 [INFO] httpx: HTTP Request: GET https://paper-api.alpaca.markets/v2/account "HTTP/1.1 200 OK"
2026-07-17 22:22:11,275 [INFO] httpx: HTTP Request: GET https://paper-api.alpaca.markets/v2/account "HTTP/1.1 200 OK"
2026-07-17 22:22:12,555 [INFO] httpx: HTTP Request: GET https://paper-api.alpaca.markets/v2/account "HTTP/1.1 200 OK"
2026-07-17 22:22:13,829 [INFO] httpx: HTTP Request: GET https://paper-api.alpaca.markets/v2/account "HTTP/1.1 200 OK"
2026-07-17 22:22:15,111 [INFO] httpx: HTTP Request: GET https://paper-api.alpaca.markets/v2/account "HTTP/1.1 200 OK"
2026-07-17 22:22:16,393 [INFO] httpx: HTTP Request: GET https://paper-api.alpaca.markets/v2/account "HTTP/1.1 200 OK"
2026-07-17 22:22:17,679 [INFO] httpx: HTTP Request: GET https://paper-api.alpaca.markets/v2/account "HTTP/1.1 200 OK"
2026-07-17 22:22:18,955 [INFO] httpx: HTTP Request: GET https://paper-api.alpaca.markets/v2/account "HTTP/1.1 200 OK"
2026-07-17 22:22:20,229 [INFO] httpx: HTTP Request: GET https://paper-api.alpaca.markets/v2/account "HTTP/1.1 200 OK"
2026-07-17 22:22:21,504 [INFO] httpx: HTTP Request: GET https://paper-api.alpaca.markets/v2/account "HTTP/1.1 200 OK"
2026-07-17 22:22:22,780 [INFO] httpx: HTTP Request: GET https://paper-api.alpaca.markets/v2/account "HTTP/1.1 200 OK"
2026-07-17 22:22:24,057 [INFO] httpx: HTTP Request: GET https://paper-api.alpaca.markets/v2/account "HTTP/1.1 200 OK"
2026-07-17 22:22:25,339 [INFO] httpx: HTTP Request: GET https://paper-api.alpaca.markets/v2/account "HTTP/1.1 200 OK"
2026-07-17 22:22:26,622 [INFO] httpx: HTTP Request: GET https://paper-api.alpaca.markets/v2/account "HTTP/1.1 200 OK"
2026-07-17 22:22:27,890 [INFO] httpx: HTTP Request: GET https://paper-api.alpaca.markets/v2/account "HTTP/1.1 200 OK"
2026-07-17 22:22:29,161 [INFO] httpx: HTTP Request: GET https://paper-api.alpaca.markets/v2/account "HTTP/1.1 200 OK"
2026-07-17 22:22:30,441 [INFO] httpx: HTTP Request: GET https://paper-api.alpaca.markets/v2/account "HTTP/1.1 200 OK"
2026-07-17 22:22:31,714 [INFO] httpx: HTTP Request: GET https://paper-api.alpaca.markets/v2/account "HTTP/1.1 200 OK"
2026-07-17 22:22:32,992 [INFO] httpx: HTTP Request: GET https://paper-api.alpaca.markets/v2/account "HTTP/1.1 200 OK"
2026-07-17 22:22:34,295 [INFO] httpx: HTTP Request: GET https://paper-api.alpaca.markets/v2/account "HTTP/1.1 200 OK"
2026-07-17 22:22:35,581 [INFO] httpx: HTTP Request: GET https://paper-api.alpaca.markets/v2/account "HTTP/1.1 200 OK"
2026-07-17 22:22:36,855 [INFO] httpx: HTTP Request: GET https://paper-api.alpaca.markets/v2/account "HTTP/1.1 200 OK"
2026-07-17 22:22:38,129 [INFO] httpx: HTTP Request: GET https://paper-api.alpaca.markets/v2/account "HTTP/1.1 200 OK"
2026-07-17 22:22:39,404 [INFO] httpx: HTTP Request: GET https://paper-api.alpaca.markets/v2/account "HTTP/1.1 200 OK"
2026-07-17 22:22:40,672 [INFO] httpx: HTTP Request: GET https://paper-api.alpaca.markets/v2/account "HTTP/1.1 200 OK"
2026-07-17 22:22:41,951 [INFO] httpx: HTTP Request: GET https://paper-api.alpaca.markets/v2/account "HTTP/1.1 200 OK"
2026-07-17 22:22:43,232 [INFO] httpx: HTTP Request: GET https://paper-api.alpaca.markets/v2/account "HTTP/1.1 200 OK"
2026-07-17 22:22:44,507 [INFO] httpx: HTTP Request: GET https://paper-api.alpaca.markets/v2/account "HTTP/1.1 200 OK"
2026-07-17 22:22:50,514 [ERROR] TradingEngine.BrokerClient: Network error pulling account parameters from gateway: 
2026-07-17 22:22:56,520 [ERROR] TradingEngine.BrokerClient: Network error pulling account parameters from gateway: 
2026-07-17 22:22:57,805 [INFO] httpx: HTTP Request: GET https://paper-api.alpaca.markets/v2/account "HTTP/1.1 200 OK"
2026-07-17 22:22:59,080 [INFO] httpx: HTTP Request: GET https://paper-api.alpaca.markets/v2/account "HTTP/1.1 200 OK"
2026-07-17 22:23:00,359 [INFO] httpx: HTTP Request: GET https://paper-api.alpaca.markets/v2/account "HTTP/1.1 200 OK"
2026-07-17 22:23:01,642 [INFO] httpx: HTTP Request: GET https://paper-api.alpaca.markets/v2/account "HTTP/1.1 200 OK"
2026-07-17 22:23:02,931 [INFO] httpx: HTTP Request: GET https://paper-api.alpaca.markets/v2/account "HTTP/1.1 200 OK"
2026-07-17 22:23:04,204 [INFO] httpx: HTTP Request: GET https://paper-api.alpaca.markets/v2/account "HTTP/1.1 200 OK"
2026-07-17 22:23:05,479 [INFO] httpx: HTTP Request: GET https://paper-api.alpaca.markets/v2/account "HTTP/1.1 200 OK"
2026-07-17 22:23:06,760 [INFO] httpx: HTTP Request: GET https://paper-api.alpaca.markets/v2/account "HTTP/1.1 200 OK"
2026-07-17 22:23:08,041 [INFO] httpx: HTTP Request: GET https://paper-api.alpaca.markets/v2/account "HTTP/1.1 200 OK"
2026-07-17 22:23:09,330 [INFO] httpx: HTTP Request: GET https://paper-api.alpaca.markets/v2/account "HTTP/1.1 200 OK"
2026-07-17 22:23:10,617 [INFO] httpx: HTTP Request: GET https://paper-api.alpaca.markets/v2/account "HTTP/1.1 200 OK"
2026-07-17 22:23:11,894 [INFO] httpx: HTTP Request: GET https://paper-api.alpaca.markets/v2/account "HTTP/1.1 200 OK"
2026-07-17 22:23:13,170 [INFO] httpx: HTTP Request: GET https://paper-api.alpaca.markets/v2/account "HTTP/1.1 200 OK"
2026-07-17 22:23:14,444 [INFO] httpx: HTTP Request: GET https://paper-api.alpaca.markets/v2/account "HTTP/1.1 200 OK"
2026-07-17 22:23:15,725 [INFO] httpx: HTTP Request: GET https://paper-api.alpaca.markets/v2/account "HTTP/1.1 200 OK"
2026-07-17 22:23:17,016 [INFO] httpx: HTTP Request: GET https://paper-api.alpaca.markets/v2/account "HTTP/1.1 200 OK"
2026-07-17 22:23:18,289 [INFO] httpx: HTTP Request: GET https://paper-api.alpaca.markets/v2/account "HTTP/1.1 200 OK"
2026-07-17 22:23:19,570 [INFO] httpx: HTTP Request: GET https://paper-api.alpaca.markets/v2/account "HTTP/1.1 200 OK"
2026-07-17 22:23:20,849 [INFO] httpx: HTTP Request: GET https://paper-api.alpaca.markets/v2/account "HTTP/1.1 200 OK"
2026-07-17 22:23:22,125 [INFO] httpx: HTTP Request: GET https://paper-api.alpaca.markets/v2/account "HTTP/1.1 200 OK"
2026-07-17 22:23:23,401 [INFO] httpx: HTTP Request: GET https://paper-api.alpaca.markets/v2/account "HTTP/1.1 200 OK"
2026-07-17 22:23:24,684 [INFO] httpx: HTTP Request: GET https://paper-api.alpaca.markets/v2/account "HTTP/1.1 200 OK"
2026-07-17 22:23:25,967 [INFO] httpx: HTTP Request: GET https://paper-api.alpaca.markets/v2/account "HTTP/1.1 200 OK"
2026-07-17 22:23:27,237 [INFO] httpx: HTTP Request: GET https://paper-api.alpaca.markets/v2/account "HTTP/1.1 200 OK"
2026-07-17 22:23:28,512 [INFO] httpx: HTTP Request: GET https://paper-api.alpaca.markets/v2/account "HTTP/1.1 200 OK"
2026-07-17 22:23:29,810 [INFO] httpx: HTTP Request: GET https://paper-api.alpaca.markets/v2/account "HTTP/1.1 200 OK"
2026-07-17 22:23:31,100 [INFO] httpx: HTTP Request: GET https://paper-api.alpaca.markets/v2/account "HTTP/1.1 200 OK"
2026-07-17 22:23:32,384 [INFO] httpx: HTTP Request: GET https://paper-api.alpaca.markets/v2/account "HTTP/1.1 200 OK"
2026-07-17 22:23:33,654 [INFO] httpx: HTTP Request: GET https://paper-api.alpaca.markets/v2/account "HTTP/1.1 200 OK"
2026-07-17 22:23:34,931 [INFO] httpx: HTTP Request: GET https://paper-api.alpaca.markets/v2/account "HTTP/1.1 200 OK"
2026-07-17 22:23:36,224 [INFO] httpx: HTTP Request: GET https://paper-api.alpaca.markets/v2/account "HTTP/1.1 200 OK"
2026-07-17 22:23:37,498 [INFO] httpx: HTTP Request: GET https://paper-api.alpaca.markets/v2/account "HTTP/1.1 200 OK"
2026-07-17 22:23:38,769 [INFO] httpx: HTTP Request: GET https://paper-api.alpaca.markets/v2/account "HTTP/1.1 200 OK"
2026-07-17 22:23:40,076 [INFO] httpx: HTTP Request: GET https://paper-api.alpaca.markets/v2/account "HTTP/1.1 200 OK"
2026-07-17 22:23:41,370 [INFO] httpx: HTTP Request: GET https://paper-api.alpaca.markets/v2/account "HTTP/1.1 200 OK"
2026-07-17 22:23:42,644 [INFO] httpx: HTTP Request: GET https://paper-api.alpaca.markets/v2/account "HTTP/1.1 200 OK"
2026-07-17 22:23:43,919 [INFO] httpx: HTTP Request: GET https://paper-api.alpaca.markets/v2/account "HTTP/1.1 200 OK"
2026-07-17 22:23:45,202 [INFO] httpx: HTTP Request: GET https://paper-api.alpaca.markets/v2/account "HTTP/1.1 200 OK"
2026-07-17 22:23:46,477 [INFO] httpx: HTTP Request: GET https://paper-api.alpaca.markets/v2/account "HTTP/1.1 200 OK"
2026-07-17 22:23:47,754 [INFO] httpx: HTTP Request: GET https://paper-api.alpaca.markets/v2/account "HTTP/1.1 200 OK"
2026-07-17 22:23:49,031 [INFO] httpx: HTTP Request: GET https://paper-api.alpaca.markets/v2/account "HTTP/1.1 200 OK"
2026-07-17 22:23:50,308 [INFO] httpx: HTTP Request: GET https://paper-api.alpaca.markets/v2/account "HTTP/1.1 200 OK"
2026-07-17 22:23:51,591 [INFO] httpx: HTTP Request: GET https://paper-api.alpaca.markets/v2/account "HTTP/1.1 200 OK"
2026-07-17 22:23:57,605 [ERROR] TradingEngine.BrokerClient: Network error pulling account parameters from gateway: 
2026-07-17 22:23:58,870 [INFO] httpx: HTTP Request: GET https://paper-api.alpaca.markets/v2/account "HTTP/1.1 200 OK"
2026-07-17 22:24:00,145 [INFO] httpx: HTTP Request: GET https://paper-api.alpaca.markets/v2/account "HTTP/1.1 200 OK"
2026-07-17 22:24:01,421 [INFO] httpx: HTTP Request: GET https://paper-api.alpaca.markets/v2/account "HTTP/1.1 200 OK"
2026-07-17 22:24:02,699 [INFO] httpx: HTTP Request: GET https://paper-api.alpaca.markets/v2/account "HTTP/1.1 200 OK"
2026-07-17 22:24:03,975 [INFO] httpx: HTTP Request: GET https://paper-api.alpaca.markets/v2/account "HTTP/1.1 200 OK"
2026-07-17 22:24:05,250 [INFO] httpx: HTTP Request: GET https://paper-api.alpaca.markets/v2/account "HTTP/1.1 200 OK"
2026-07-17 22:24:06,531 [INFO] httpx: HTTP Request: GET https://paper-api.alpaca.markets/v2/account "HTTP/1.1 200 OK"
2026-07-17 22:24:07,810 [INFO] httpx: HTTP Request: GET https://paper-api.alpaca.markets/v2/account "HTTP/1.1 200 OK"
2026-07-17 22:24:09,089 [INFO] httpx: HTTP Request: GET https://paper-api.alpaca.markets/v2/account "HTTP/1.1 200 OK"
2026-07-17 22:24:10,365 [INFO] httpx: HTTP Request: GET https://paper-api.alpaca.markets/v2/account "HTTP/1.1 200 OK"
2026-07-17 22:24:11,642 [INFO] httpx: HTTP Request: GET https://paper-api.alpaca.markets/v2/account "HTTP/1.1 200 OK"
2026-07-17 22:24:13,170 [INFO] httpx: HTTP Request: GET https://paper-api.alpaca.markets/v2/account "HTTP/1.1 200 OK"
2026-07-17 22:24:14,451 [INFO] httpx: HTTP Request: GET https://paper-api.alpaca.markets/v2/account "HTTP/1.1 200 OK"
2026-07-17 22:24:15,731 [INFO] httpx: HTTP Request: GET https://paper-api.alpaca.markets/v2/account "HTTP/1.1 200 OK"
2026-07-17 22:24:17,022 [INFO] httpx: HTTP Request: GET https://paper-api.alpaca.markets/v2/account "HTTP/1.1 200 OK"
2026-07-17 22:24:18,307 [INFO] httpx: HTTP Request: GET https://paper-api.alpaca.markets/v2/account "HTTP/1.1 200 OK"
2026-07-17 22:24:19,586 [INFO] httpx: HTTP Request: GET https://paper-api.alpaca.markets/v2/account "HTTP/1.1 200 OK"
2026-07-17 22:24:20,865 [INFO] httpx: HTTP Request: GET https://paper-api.alpaca.markets/v2/account "HTTP/1.1 200 OK"
2026-07-17 22:24:22,139 [INFO] httpx: HTTP Request: GET https://paper-api.alpaca.markets/v2/account "HTTP/1.1 200 OK"
2026-07-17 22:24:23,424 [INFO] httpx: HTTP Request: GET https://paper-api.alpaca.markets/v2/account "HTTP/1.1 200 OK"
2026-07-17 22:24:24,695 [INFO] httpx: HTTP Request: GET https://paper-api.alpaca.markets/v2/account "HTTP/1.1 200 OK"
2026-07-17 22:24:25,970 [INFO] httpx: HTTP Request: GET https://paper-api.alpaca.markets/v2/account "HTTP/1.1 200 OK"
2026-07-17 22:24:27,239 [INFO] httpx: HTTP Request: GET https://paper-api.alpaca.markets/v2/account "HTTP/1.1 200 OK"
2026-07-17 22:24:28,516 [INFO] httpx: HTTP Request: GET https://paper-api.alpaca.markets/v2/account "HTTP/1.1 200 OK"
2026-07-17 22:24:29,795 [INFO] httpx: HTTP Request: GET https://paper-api.alpaca.markets/v2/account "HTTP/1.1 200 OK"
2026-07-17 22:24:31,079 [INFO] httpx: HTTP Request: GET https://paper-api.alpaca.markets/v2/account "HTTP/1.1 200 OK"
2026-07-17 22:24:32,360 [INFO] httpx: HTTP Request: GET https://paper-api.alpaca.markets/v2/account "HTTP/1.1 200 OK"
2026-07-17 22:24:33,627 [INFO] httpx: HTTP Request: GET https://paper-api.alpaca.markets/v2/account "HTTP/1.1 200 OK"
2026-07-17 22:24:34,900 [INFO] httpx: HTTP Request: GET https://paper-api.alpaca.markets/v2/account "HTTP/1.1 200 OK"
2026-07-17 22:24:36,184 [INFO] httpx: HTTP Request: GET https://paper-api.alpaca.markets/v2/account "HTTP/1.1 200 OK"
2026-07-17 22:24:37,467 [INFO] httpx: HTTP Request: GET https://paper-api.alpaca.markets/v2/account "HTTP/1.1 200 OK"
2026-07-17 22:24:38,745 [INFO] httpx: HTTP Request: GET https://paper-api.alpaca.markets/v2/account "HTTP/1.1 200 OK"
2026-07-17 22:24:40,024 [INFO] httpx: HTTP Request: GET https://paper-api.alpaca.markets/v2/account "HTTP/1.1 200 OK"
2026-07-17 22:24:41,306 [INFO] httpx: HTTP Request: GET https://paper-api.alpaca.markets/v2/account "HTTP/1.1 200 OK"
2026-07-17 22:24:42,599 [INFO] httpx: HTTP Request: GET https://paper-api.alpaca.markets/v2/account "HTTP/1.1 200 OK"
2026-07-17 22:24:43,881 [INFO] httpx: HTTP Request: GET https://paper-api.alpaca.markets/v2/account "HTTP/1.1 200 OK"
2026-07-17 22:24:45,154 [INFO] httpx: HTTP Request: GET https://paper-api.alpaca.markets/v2/account "HTTP/1.1 200 OK"
2026-07-17 22:24:46,425 [INFO] httpx: HTTP Request: GET https://paper-api.alpaca.markets/v2/account "HTTP/1.1 200 OK"
2026-07-17 22:24:47,704 [INFO] httpx: HTTP Request: GET https://paper-api.alpaca.markets/v2/account "HTTP/1.1 200 OK"
2026-07-17 22:24:48,980 [INFO] httpx: HTTP Request: GET https://paper-api.alpaca.markets/v2/account "HTTP/1.1 200 OK"
2026-07-17 22:24:50,276 [INFO] httpx: HTTP Request: GET https://paper-api.alpaca.markets/v2/account "HTTP/1.1 200 OK"
2026-07-17 22:24:51,551 [INFO] httpx: HTTP Request: GET https://paper-api.alpaca.markets/v2/account "HTTP/1.1 200 OK"
2026-07-17 22:24:52,820 [INFO] httpx: HTTP Request: GET https://paper-api.alpaca.markets/v2/account "HTTP/1.1 200 OK"
2026-07-17 22:24:54,100 [INFO] httpx: HTTP Request: GET https://paper-api.alpaca.markets/v2/account "HTTP/1.1 200 OK"
2026-07-17 22:24:55,380 [INFO] httpx: HTTP Request: GET https://paper-api.alpaca.markets/v2/account "HTTP/1.1 200 OK"
2026-07-17 22:24:56,692 [INFO] httpx: HTTP Request: GET https://paper-api.alpaca.markets/v2/account "HTTP/1.1 200 OK"
2026-07-17 22:24:57,971 [INFO] httpx: HTTP Request: GET https://paper-api.alpaca.markets/v2/account "HTTP/1.1 200 OK"
2026-07-17 22:24:59,241 [INFO] httpx: HTTP Request: GET https://paper-api.alpaca.markets/v2/account "HTTP/1.1 200 OK"
2026-07-17 22:25:00,521 [INFO] httpx: HTTP Request: GET https://paper-api.alpaca.markets/v2/account "HTTP/1.1 200 OK"
2026-07-17 22:25:01,799 [INFO] httpx: HTTP Request: GET https://paper-api.alpaca.markets/v2/account "HTTP/1.1 200 OK"
2026-07-17 22:25:03,069 [INFO] httpx: HTTP Request: GET https://paper-api.alpaca.markets/v2/account "HTTP/1.1 200 OK"
2026-07-17 22:25:04,349 [INFO] httpx: HTTP Request: GET https://paper-api.alpaca.markets/v2/account "HTTP/1.1 200 OK"
2026-07-17 22:25:05,630 [INFO] httpx: HTTP Request: GET https://paper-api.alpaca.markets/v2/account "HTTP/1.1 200 OK"
2026-07-17 22:25:06,930 [INFO] httpx: HTTP Request: GET https://paper-api.alpaca.markets/v2/account "HTTP/1.1 200 OK"
2026-07-17 22:25:08,205 [INFO] httpx: HTTP Request: GET https://paper-api.alpaca.markets/v2/account "HTTP/1.1 200 OK"
2026-07-17 22:25:09,479 [INFO] httpx: HTTP Request: GET https://paper-api.alpaca.markets/v2/account "HTTP/1.1 200 OK"
2026-07-17 22:25:10,756 [INFO] httpx: HTTP Request: GET https://paper-api.alpaca.markets/v2/account "HTTP/1.1 200 OK"
2026-07-17 22:25:12,036 [INFO] httpx: HTTP Request: GET https://paper-api.alpaca.markets/v2/account "HTTP/1.1 200 OK"
2026-07-17 22:25:13,549 [INFO] httpx: HTTP Request: GET https://paper-api.alpaca.markets/v2/account "HTTP/1.1 200 OK"
2026-07-17 22:25:14,831 [INFO] httpx: HTTP Request: GET https://paper-api.alpaca.markets/v2/account "HTTP/1.1 200 OK"
2026-07-17 22:25:16,130 [INFO] httpx: HTTP Request: GET https://paper-api.alpaca.markets/v2/account "HTTP/1.1 200 OK"
2026-07-17 22:25:17,402 [INFO] httpx: HTTP Request: GET https://paper-api.alpaca.markets/v2/account "HTTP/1.1 200 OK"
2026-07-17 22:25:18,680 [INFO] httpx: HTTP Request: GET https://paper-api.alpaca.markets/v2/account "HTTP/1.1 200 OK"
2026-07-17 22:25:19,950 [INFO] httpx: HTTP Request: GET https://paper-api.alpaca.markets/v2/account "HTTP/1.1 200 OK"
2026-07-17 22:25:21,264 [INFO] httpx: HTTP Request: GET https://paper-api.alpaca.markets/v2/account "HTTP/1.1 200 OK"
2026-07-17 22:25:22,595 [INFO] httpx: HTTP Request: GET https://paper-api.alpaca.markets/v2/account "HTTP/1.1 200 OK"
2026-07-17 22:25:23,919 [INFO] httpx: HTTP Request: GET https://paper-api.alpaca.markets/v2/account "HTTP/1.1 200 OK"
2026-07-17 22:25:25,254 [INFO] httpx: HTTP Request: GET https://paper-api.alpaca.markets/v2/account "HTTP/1.1 200 OK"
2026-07-17 22:25:26,590 [INFO] httpx: HTTP Request: GET https://paper-api.alpaca.markets/v2/account "HTTP/1.1 200 OK"
2026-07-17 22:25:27,915 [INFO] httpx: HTTP Request: GET https://paper-api.alpaca.markets/v2/account "HTTP/1.1 200 OK"
2026-07-17 22:25:29,250 [INFO] httpx: HTTP Request: GET https://paper-api.alpaca.markets/v2/account "HTTP/1.1 200 OK"
2026-07-17 22:25:30,587 [INFO] httpx: HTTP Request: GET https://paper-api.alpaca.markets/v2/account "HTTP/1.1 200 OK"
2026-07-17 22:25:31,917 [INFO] httpx: HTTP Request: GET https://paper-api.alpaca.markets/v2/account "HTTP/1.1 200 OK"
2026-07-17 22:25:33,245 [INFO] httpx: HTTP Request: GET https://paper-api.alpaca.markets/v2/account "HTTP/1.1 200 OK"
2026-07-17 22:25:34,581 [INFO] httpx: HTTP Request: GET https://paper-api.alpaca.markets/v2/account "HTTP/1.1 200 OK"
2026-07-17 22:25:35,905 [INFO] httpx: HTTP Request: GET https://paper-api.alpaca.markets/v2/account "HTTP/1.1 200 OK"
2026-07-17 22:25:37,256 [INFO] httpx: HTTP Request: GET https://paper-api.alpaca.markets/v2/account "HTTP/1.1 200 OK"
2026-07-17 22:25:38,565 [INFO] httpx: HTTP Request: GET https://paper-api.alpaca.markets/v2/account "HTTP/1.1 200 OK"
2026-07-17 22:25:39,909 [INFO] httpx: HTTP Request: GET https://paper-api.alpaca.markets/v2/account "HTTP/1.1 200 OK"
2026-07-17 22:25:41,233 [INFO] httpx: HTTP Request: GET https://paper-api.alpaca.markets/v2/account "HTTP/1.1 200 OK"
2026-07-17 22:25:42,670 [INFO] httpx: HTTP Request: GET https://paper-api.alpaca.markets/v2/account "HTTP/1.1 200 OK"
2026-07-17 22:25:44,000 [INFO] httpx: HTTP Request: GET https://paper-api.alpaca.markets/v2/account "HTTP/1.1 200 OK"
2026-07-17 22:25:45,328 [INFO] httpx: HTTP Request: GET https://paper-api.alpaca.markets/v2/account "HTTP/1.1 200 OK"
2026-07-17 22:25:46,664 [INFO] httpx: HTTP Request: GET https://paper-api.alpaca.markets/v2/account "HTTP/1.1 200 OK"
2026-07-17 22:25:47,992 [INFO] httpx: HTTP Request: GET https://paper-api.alpaca.markets/v2/account "HTTP/1.1 200 OK"
2026-07-17 22:25:49,321 [INFO] httpx: HTTP Request: GET https://paper-api.alpaca.markets/v2/account "HTTP/1.1 200 OK"
2026-07-17 22:25:50,751 [INFO] httpx: HTTP Request: GET https://paper-api.alpaca.markets/v2/account "HTTP/1.1 200 OK"
2026-07-17 22:25:52,096 [INFO] httpx: HTTP Request: GET https://paper-api.alpaca.markets/v2/account "HTTP/1.1 200 OK"
2026-07-17 22:25:53,416 [INFO] httpx: HTTP Request: GET https://paper-api.alpaca.markets/v2/account "HTTP/1.1 200 OK"
2026-07-17 22:25:54,772 [INFO] httpx: HTTP Request: GET https://paper-api.alpaca.markets/v2/account "HTTP/1.1 200 OK"
2026-07-17 22:25:56,355 [INFO] httpx: HTTP Request: GET https://paper-api.alpaca.markets/v2/account "HTTP/1.1 200 OK"
2026-07-17 22:25:57,727 [INFO] httpx: HTTP Request: GET https://paper-api.alpaca.markets/v2/account "HTTP/1.1 200 OK"
2026-07-17 22:25:59,050 [INFO] httpx: HTTP Request: GET https://paper-api.alpaca.markets/v2/account "HTTP/1.1 200 OK"
2026-07-17 22:26:00,393 [INFO] httpx: HTTP Request: GET https://paper-api.alpaca.markets/v2/account "HTTP/1.1 200 OK"
2026-07-17 22:26:01,715 [INFO] httpx: HTTP Request: GET https://paper-api.alpaca.markets/v2/account "HTTP/1.1 200 OK"
2026-07-17 22:26:03,040 [INFO] httpx: HTTP Request: GET https://paper-api.alpaca.markets/v2/account "HTTP/1.1 200 OK"
2026-07-17 22:26:04,382 [INFO] httpx: HTTP Request: GET https://paper-api.alpaca.markets/v2/account "HTTP/1.1 200 OK"
2026-07-17 22:26:05,815 [INFO] httpx: HTTP Request: GET https://paper-api.alpaca.markets/v2/account "HTTP/1.1 200 OK"
2026-07-17 22:26:07,150 [INFO] httpx: HTTP Request: GET https://paper-api.alpaca.markets/v2/account "HTTP/1.1 200 OK"
2026-07-17 22:26:08,469 [INFO] httpx: HTTP Request: GET https://paper-api.alpaca.markets/v2/account "HTTP/1.1 200 OK"
2026-07-17 22:26:09,805 [INFO] httpx: HTTP Request: GET https://paper-api.alpaca.markets/v2/account "HTTP/1.1 200 OK"
2026-07-17 22:26:11,136 [INFO] httpx: HTTP Request: GET https://paper-api.alpaca.markets/v2/account "HTTP/1.1 200 OK"
2026-07-17 22:26:12,496 [INFO] httpx: HTTP Request: GET https://paper-api.alpaca.markets/v2/account "HTTP/1.1 200 OK"
2026-07-17 22:26:13,796 [INFO] httpx: HTTP Request: GET https://paper-api.alpaca.markets/v2/account "HTTP/1.1 200 OK"
2026-07-17 22:26:15,136 [INFO] httpx: HTTP Request: GET https://paper-api.alpaca.markets/v2/account "HTTP/1.1 200 OK"
2026-07-17 22:26:16,456 [INFO] httpx: HTTP Request: GET https://paper-api.alpaca.markets/v2/account "HTTP/1.1 200 OK"
2026-07-17 22:26:17,890 [INFO] httpx: HTTP Request: GET https://paper-api.alpaca.markets/v2/account "HTTP/1.1 200 OK"
2026-07-17 22:26:19,236 [INFO] httpx: HTTP Request: GET https://paper-api.alpaca.markets/v2/account "HTTP/1.1 200 OK"
2026-07-17 22:26:20,548 [INFO] httpx: HTTP Request: GET https://paper-api.alpaca.markets/v2/account "HTTP/1.1 200 OK"
2026-07-17 22:26:21,901 [INFO] httpx: HTTP Request: GET https://paper-api.alpaca.markets/v2/account "HTTP/1.1 200 OK"
2026-07-17 22:26:23,214 [INFO] httpx: HTTP Request: GET https://paper-api.alpaca.markets/v2/account "HTTP/1.1 200 OK"
2026-07-17 22:26:24,555 [INFO] httpx: HTTP Request: GET https://paper-api.alpaca.markets/v2/account "HTTP/1.1 200 OK"
2026-07-17 22:26:25,874 [INFO] httpx: HTTP Request: GET https://paper-api.alpaca.markets/v2/account "HTTP/1.1 200 OK"
2026-07-17 22:26:27,217 [INFO] httpx: HTTP Request: GET https://paper-api.alpaca.markets/v2/account "HTTP/1.1 200 OK"
2026-07-17 22:26:28,495 [INFO] httpx: HTTP Request: GET https://paper-api.alpaca.markets/v2/account "HTTP/1.1 200 OK"
2026-07-17 22:26:29,886 [INFO] httpx: HTTP Request: GET https://paper-api.alpaca.markets/v2/account "HTTP/1.1 200 OK"
2026-07-17 22:26:31,311 [INFO] httpx: HTTP Request: GET https://paper-api.alpaca.markets/v2/account "HTTP/1.1 200 OK"
2026-07-17 22:26:32,639 [INFO] httpx: HTTP Request: GET https://paper-api.alpaca.markets/v2/account "HTTP/1.1 200 OK"
2026-07-17 22:26:33,969 [INFO] httpx: HTTP Request: GET https://paper-api.alpaca.markets/v2/account "HTTP/1.1 200 OK"
2026-07-17 22:26:35,304 [INFO] httpx: HTTP Request: GET https://paper-api.alpaca.markets/v2/account "HTTP/1.1 200 OK"
2026-07-17 22:26:36,664 [INFO] httpx: HTTP Request: GET https://paper-api.alpaca.markets/v2/account "HTTP/1.1 200 OK"
2026-07-17 22:26:37,970 [INFO] httpx: HTTP Request: GET https://paper-api.alpaca.markets/v2/account "HTTP/1.1 200 OK"
2026-07-17 22:26:39,294 [INFO] httpx: HTTP Request: GET https://paper-api.alpaca.markets/v2/account "HTTP/1.1 200 OK"
2026-07-17 22:26:40,624 [INFO] httpx: HTTP Request: GET https://paper-api.alpaca.markets/v2/account "HTTP/1.1 200 OK"
2026-07-17 22:26:41,957 [INFO] httpx: HTTP Request: GET https://paper-api.alpaca.markets/v2/account "HTTP/1.1 200 OK"
2026-07-17 22:26:43,296 [INFO] httpx: HTTP Request: GET https://paper-api.alpaca.markets/v2/account "HTTP/1.1 200 OK"
2026-07-17 22:26:44,636 [INFO] httpx: HTTP Request: GET https://paper-api.alpaca.markets/v2/account "HTTP/1.1 200 OK"
2026-07-17 22:26:45,949 [INFO] httpx: HTTP Request: GET https://paper-api.alpaca.markets/v2/account "HTTP/1.1 200 OK"
2026-07-17 22:26:47,275 [INFO] httpx: HTTP Request: GET https://paper-api.alpaca.markets/v2/account "HTTP/1.1 200 OK"
2026-07-17 22:26:48,615 [INFO] httpx: HTTP Request: GET https://paper-api.alpaca.markets/v2/account "HTTP/1.1 200 OK"
2026-07-17 22:26:49,946 [INFO] httpx: HTTP Request: GET https://paper-api.alpaca.markets/v2/account "HTTP/1.1 200 OK"
2026-07-17 22:26:51,275 [INFO] httpx: HTTP Request: GET https://paper-api.alpaca.markets/v2/account "HTTP/1.1 200 OK"
2026-07-17 22:26:52,549 [INFO] httpx: HTTP Request: GET https://paper-api.alpaca.markets/v2/account "HTTP/1.1 200 OK"
2026-07-17 22:26:53,842 [INFO] httpx: HTTP Request: GET https://paper-api.alpaca.markets/v2/account "HTTP/1.1 200 OK"
2026-07-17 22:26:55,176 [INFO] httpx: HTTP Request: GET https://paper-api.alpaca.markets/v2/account "HTTP/1.1 200 OK"
2026-07-17 22:26:56,514 [INFO] httpx: HTTP Request: GET https://paper-api.alpaca.markets/v2/account "HTTP/1.1 200 OK"
2026-07-17 22:26:57,817 [INFO] httpx: HTTP Request: GET https://paper-api.alpaca.markets/v2/account "HTTP/1.1 200 OK"
2026-07-17 22:26:59,160 [INFO] httpx: HTTP Request: GET https://paper-api.alpaca.markets/v2/account "HTTP/1.1 200 OK"
2026-07-17 22:27:00,489 [INFO] httpx: HTTP Request: GET https://paper-api.alpaca.markets/v2/account "HTTP/1.1 200 OK"
2026-07-17 22:27:01,825 [INFO] httpx: HTTP Request: GET https://paper-api.alpaca.markets/v2/account "HTTP/1.1 200 OK"
2026-07-17 22:27:03,154 [INFO] httpx: HTTP Request: GET https://paper-api.alpaca.markets/v2/account "HTTP/1.1 200 OK"
2026-07-17 22:27:04,429 [INFO] httpx: HTTP Request: GET https://paper-api.alpaca.markets/v2/account "HTTP/1.1 200 OK"
2026-07-17 22:27:05,820 [INFO] httpx: HTTP Request: GET https://paper-api.alpaca.markets/v2/account "HTTP/1.1 200 OK"
2026-07-17 22:27:07,155 [INFO] httpx: HTTP Request: GET https://paper-api.alpaca.markets/v2/account "HTTP/1.1 200 OK"
2026-07-17 22:27:08,480 [INFO] httpx: HTTP Request: GET https://paper-api.alpaca.markets/v2/account "HTTP/1.1 200 OK"
2026-07-17 22:27:09,814 [INFO] httpx: HTTP Request: GET https://paper-api.alpaca.markets/v2/account "HTTP/1.1 200 OK"
2026-07-17 22:27:11,143 [INFO] httpx: HTTP Request: GET https://paper-api.alpaca.markets/v2/account "HTTP/1.1 200 OK"
2026-07-17 22:27:12,466 [INFO] httpx: HTTP Request: GET https://paper-api.alpaca.markets/v2/account "HTTP/1.1 200 OK"
2026-07-17 22:27:13,801 [INFO] httpx: HTTP Request: GET https://paper-api.alpaca.markets/v2/account "HTTP/1.1 200 OK"
2026-07-17 22:27:15,135 [INFO] httpx: HTTP Request: GET https://paper-api.alpaca.markets/v2/account "HTTP/1.1 200 OK"
2026-07-17 22:27:16,469 [INFO] httpx: HTTP Request: GET https://paper-api.alpaca.markets/v2/account "HTTP/1.1 200 OK"
2026-07-17 22:27:17,900 [INFO] httpx: HTTP Request: GET https://paper-api.alpaca.markets/v2/account "HTTP/1.1 200 OK"
2026-07-17 22:27:19,247 [INFO] httpx: HTTP Request: GET https://paper-api.alpaca.markets/v2/account "HTTP/1.1 200 OK"
2026-07-17 22:27:20,560 [INFO] httpx: HTTP Request: GET https://paper-api.alpaca.markets/v2/account "HTTP/1.1 200 OK"
2026-07-17 22:27:21,546 [INFO] TradingEngine.Main: Initiating safe shutdown sequence. Cancelling engine tasks...
2026-07-17 22:27:21,548 [INFO] TradingEngine.BrokerClient: Disconnecting broker client networking layer...
2026-07-17 22:27:21,548 [INFO] TradingEngine.BrokerClient: Broker client disconnected safely.
2026-07-17 22:27:21,548 [INFO] TradingEngine.Main: Trading system microservice terminated cleanly.
2026-07-17 22:27:22,967 [INFO] TradingEngine.InferenceEngine: Successfully loaded ML model binary layer: 'xgboost_v1.pkl'
2026-07-17 22:27:22,972 [INFO] TradingEngine.Database: 💾 Async SQLite Persistent Engine initialized safely at logs/trading_data.db
2026-07-17 22:27:22,972 [INFO] TradingEngine.BrokerClient: Connecting to live brokerage data stream network: wss://stream.data.alpaca.markets/v2/test
2026-07-17 22:27:23,414 [ERROR] TradingEngine.BrokerClient: Brokerage authentication rejected: [{"T":"error","code":406,"msg":"connection limit exceeded"}]
2026-07-17 22:27:23,414 [INFO] TradingEngine.BrokerClient: Disconnecting broker client networking layer...
2026-07-17 22:27:23,505 [INFO] TradingEngine.BrokerClient: Broker client disconnected safely.
2026-07-17 22:27:23,505 [INFO] TradingEngine.Main: Trading system background microservice initialized successfully.
2026-07-17 22:27:23,505 [INFO] TradingEngine.Main: Starting Core Execution Engine Loop...
2026-07-17 22:27:23,835 [INFO] httpx: HTTP Request: GET https://paper-api.alpaca.markets/v2/account "HTTP/1.1 200 OK"
2026-07-17 22:29:50,635 [INFO] TradingEngine.InferenceEngine: Successfully loaded ML model binary layer: 'xgboost_v1.pkl'
2026-07-17 22:29:50,639 [INFO] TradingEngine.Database: 💾 Async SQLite Persistent Engine initialized safely at logs/trading_data.db
2026-07-17 22:29:50,639 [INFO] TradingEngine.BrokerClient: Connecting to live brokerage data stream network: wss://stream.data.alpaca.markets/v2/test
2026-07-17 22:29:51,130 [ERROR] TradingEngine.BrokerClient: Brokerage authentication rejected: [{"T":"error","code":406,"msg":"connection limit exceeded"}]
2026-07-17 22:29:51,130 [INFO] TradingEngine.BrokerClient: Disconnecting broker client networking layer...
2026-07-17 22:29:51,237 [INFO] TradingEngine.BrokerClient: Broker client disconnected safely.
2026-07-17 22:29:51,237 [INFO] TradingEngine.Main: Trading system background microservice initialized successfully.
2026-07-17 22:29:51,237 [INFO] TradingEngine.Main: Starting Core Execution Engine Loop...
2026-07-17 22:29:51,630 [INFO] httpx: HTTP Request: GET https://paper-api.alpaca.markets/v2/account "HTTP/1.1 200 OK"
2026-07-17 22:30:06,997 [INFO] httpx: HTTP Request: GET https://paper-api.alpaca.markets/v2/account "HTTP/1.1 200 OK"
2026-07-17 22:30:22,275 [INFO] httpx: HTTP Request: GET https://paper-api.alpaca.markets/v2/account "HTTP/1.1 200 OK"
2026-07-17 22:30:37,559 [INFO] httpx: HTTP Request: GET https://paper-api.alpaca.markets/v2/account "HTTP/1.1 200 OK"
2026-07-17 22:30:52,849 [INFO] httpx: HTTP Request: GET https://paper-api.alpaca.markets/v2/account "HTTP/1.1 200 OK"
2026-07-17 22:31:08,132 [INFO] httpx: HTTP Request: GET https://paper-api.alpaca.markets/v2/account "HTTP/1.1 200 OK"
2026-07-17 22:31:23,404 [INFO] httpx: HTTP Request: GET https://paper-api.alpaca.markets/v2/account "HTTP/1.1 200 OK"
2026-07-17 22:31:38,680 [INFO] httpx: HTTP Request: GET https://paper-api.alpaca.markets/v2/account "HTTP/1.1 200 OK"
2026-07-17 22:31:53,982 [INFO] httpx: HTTP Request: GET https://paper-api.alpaca.markets/v2/account "HTTP/1.1 200 OK"
2026-07-17 22:32:09,254 [INFO] httpx: HTTP Request: GET https://paper-api.alpaca.markets/v2/account "HTTP/1.1 200 OK"
2026-07-17 22:32:24,559 [INFO] httpx: HTTP Request: GET https://paper-api.alpaca.markets/v2/account "HTTP/1.1 200 OK"
2026-07-17 22:32:39,845 [INFO] httpx: HTTP Request: GET https://paper-api.alpaca.markets/v2/account "HTTP/1.1 200 OK"
2026-07-17 22:32:55,130 [INFO] httpx: HTTP Request: GET https://paper-api.alpaca.markets/v2/account "HTTP/1.1 200 OK"
2026-07-17 22:33:10,429 [INFO] httpx: HTTP Request: GET https://paper-api.alpaca.markets/v2/account "HTTP/1.1 200 OK"
2026-07-17 22:33:25,705 [INFO] httpx: HTTP Request: GET https://paper-api.alpaca.markets/v2/account "HTTP/1.1 200 OK"
2026-07-17 22:33:40,982 [INFO] httpx: HTTP Request: GET https://paper-api.alpaca.markets/v2/account "HTTP/1.1 200 OK"
2026-07-17 22:33:56,271 [INFO] httpx: HTTP Request: GET https://paper-api.alpaca.markets/v2/account "HTTP/1.1 200 OK"
2026-07-17 22:34:11,550 [INFO] httpx: HTTP Request: GET https://paper-api.alpaca.markets/v2/account "HTTP/1.1 200 OK"
2026-07-17 22:34:26,825 [INFO] httpx: HTTP Request: GET https://paper-api.alpaca.markets/v2/account "HTTP/1.1 200 OK"
2026-07-17 22:34:42,129 [INFO] httpx: HTTP Request: GET https://paper-api.alpaca.markets/v2/account "HTTP/1.1 200 OK"
2026-07-17 22:34:57,411 [INFO] httpx: HTTP Request: GET https://paper-api.alpaca.markets/v2/account "HTTP/1.1 200 OK"
2026-07-17 22:35:12,742 [INFO] httpx: HTTP Request: GET https://paper-api.alpaca.markets/v2/account "HTTP/1.1 200 OK"
2026-07-17 22:35:28,114 [INFO] httpx: HTTP Request: GET https://paper-api.alpaca.markets/v2/account "HTTP/1.1 200 OK"
2026-07-17 22:35:43,459 [INFO] httpx: HTTP Request: GET https://paper-api.alpaca.markets/v2/account "HTTP/1.1 200 OK"
2026-07-17 22:35:58,811 [INFO] httpx: HTTP Request: GET https://paper-api.alpaca.markets/v2/account "HTTP/1.1 200 OK"
2026-07-18 04:31:38,429 [INFO] TradingEngine.Main: Initiating safe shutdown sequence. Cancelling engine tasks...
2026-07-18 04:31:38,429 [INFO] TradingEngine.BrokerClient: Disconnecting broker client networking layer...
2026-07-18 04:31:38,429 [INFO] TradingEngine.BrokerClient: Broker client disconnected safely.
2026-07-18 04:31:38,429 [INFO] TradingEngine.Main: Trading system microservice terminated cleanly.
